{"C:\\Dev\\project_team175\\src\\controller\\IInsightFacade.js":{"path":"C:\\Dev\\project_team175\\src\\controller\\IInsightFacade.js","statementMap":{"0":{"start":{"line":2,"column":0},"end":{"line":2,"column":62}},"1":{"start":{"line":4,"column":0},"end":{"line":7,"column":89}},"2":{"start":{"line":5,"column":4},"end":{"line":5,"column":46}},"3":{"start":{"line":6,"column":4},"end":{"line":6,"column":42}},"4":{"start":{"line":10,"column":8},"end":{"line":10,"column":23}},"5":{"start":{"line":11,"column":8},"end":{"line":11,"column":52}},"6":{"start":{"line":14,"column":0},"end":{"line":14,"column":36}},"7":{"start":{"line":17,"column":8},"end":{"line":17,"column":23}},"8":{"start":{"line":18,"column":8},"end":{"line":18,"column":53}},"9":{"start":{"line":21,"column":0},"end":{"line":21,"column":38}},"10":{"start":{"line":24,"column":8},"end":{"line":24,"column":23}},"11":{"start":{"line":25,"column":8},"end":{"line":25,"column":59}},"12":{"start":{"line":28,"column":0},"end":{"line":28,"column":50}}},"fnMap":{"0":{"name":"(anonymous_0)","decl":{"start":{"line":4,"column":1},"end":{"line":4,"column":2}},"loc":{"start":{"line":4,"column":31},"end":{"line":7,"column":1}},"line":4},"1":{"name":"(anonymous_1)","decl":{"start":{"line":9,"column":4},"end":{"line":9,"column":5}},"loc":{"start":{"line":9,"column":25},"end":{"line":12,"column":5}},"line":9},"2":{"name":"(anonymous_2)","decl":{"start":{"line":16,"column":4},"end":{"line":16,"column":5}},"loc":{"start":{"line":16,"column":25},"end":{"line":19,"column":5}},"line":16},"3":{"name":"(anonymous_3)","decl":{"start":{"line":23,"column":4},"end":{"line":23,"column":5}},"loc":{"start":{"line":23,"column":25},"end":{"line":26,"column":5}},"line":23}},"branchMap":{"0":{"loc":{"start":{"line":7,"column":24},"end":{"line":7,"column":87}},"type":"binary-expr","locations":[{"start":{"line":7,"column":24},"end":{"line":7,"column":50}},{"start":{"line":7,"column":55},"end":{"line":7,"column":86}}],"line":7}},"s":{"0":1,"1":1,"2":1,"3":1,"4":124,"5":124,"6":1,"7":0,"8":0,"9":1,"10":8,"11":8,"12":1},"f":{"0":1,"1":124,"2":0,"3":8},"b":{"0":[1,1]},"inputSourceMap":{"version":3,"file":"IInsightFacade.js","sourceRoot":"","sources":["IInsightFacade.ts"],"names":[],"mappings":";;AAMA,IAAY,kBAGX;AAHD,WAAY,kBAAkB;IAC1B,yCAAmB,CAAA;IACnB,qCAAe,CAAA;AACnB,CAAC,EAHW,kBAAkB,GAAlB,0BAAkB,KAAlB,0BAAkB,QAG7B;AAQD,MAAa,YAAa,SAAQ,KAAK;IACnC,YAAY,GAAG,IAAW;QACtB,KAAK,CAAC,GAAG,IAAI,CAAC,CAAC;QACf,KAAK,CAAC,iBAAiB,CAAC,IAAI,EAAE,YAAY,CAAC,CAAC;IAChD,CAAC;CACJ;AALD,oCAKC;AAED,MAAa,aAAc,SAAQ,KAAK;IACpC,YAAY,GAAG,IAAW;QACtB,KAAK,CAAC,GAAG,IAAI,CAAC,CAAC;QACf,KAAK,CAAC,iBAAiB,CAAC,IAAI,EAAE,aAAa,CAAC,CAAC;IACjD,CAAC;CACJ;AALD,sCAKC;AAED,MAAa,mBAAoB,SAAQ,KAAK;IAC1C,YAAY,GAAG,IAAW;QACtB,KAAK,CAAC,GAAG,IAAI,CAAC,CAAC;QACf,KAAK,CAAC,iBAAiB,CAAC,IAAI,EAAE,mBAAmB,CAAC,CAAC;IACvD,CAAC;CACJ;AALD,kDAKC"},"_coverageSchema":"1a1c01bbd47fc00a2c39e90264f33305004495a9","hash":"e1ebef22f2da2972e7add42cf3064d0c1e3707cd","contentHash":"144e10dde872c6fcf2e69a8afb8f6ffaaae707fd2018aa6ae9b9546d60684948"},"C:\\Dev\\project_team175\\src\\controller\\InsightFacade.js":{"path":"C:\\Dev\\project_team175\\src\\controller\\InsightFacade.js","statementMap":{"0":{"start":{"line":2,"column":0},"end":{"line":2,"column":62}},"1":{"start":{"line":3,"column":15},"end":{"line":3,"column":33}},"2":{"start":{"line":4,"column":25},"end":{"line":4,"column":52}},"3":{"start":{"line":5,"column":23},"end":{"line":5,"column":51}},"4":{"start":{"line":6,"column":25},"end":{"line":6,"column":53}},"5":{"start":{"line":7,"column":31},"end":{"line":7,"column":65}},"6":{"start":{"line":8,"column":30},"end":{"line":8,"column":63}},"7":{"start":{"line":9,"column":14},"end":{"line":9,"column":30}},"8":{"start":{"line":10,"column":11},"end":{"line":10,"column":24}},"9":{"start":{"line":13,"column":8},"end":{"line":13,"column":27}},"10":{"start":{"line":14,"column":8},"end":{"line":14,"column":25}},"11":{"start":{"line":15,"column":8},"end":{"line":15,"column":34}},"12":{"start":{"line":16,"column":8},"end":{"line":16,"column":58}},"13":{"start":{"line":19,"column":8},"end":{"line":21,"column":9}},"14":{"start":{"line":20,"column":12},"end":{"line":20,"column":98}},"15":{"start":{"line":22,"column":8},"end":{"line":24,"column":9}},"16":{"start":{"line":23,"column":12},"end":{"line":23,"column":113}},"17":{"start":{"line":25,"column":8},"end":{"line":27,"column":9}},"18":{"start":{"line":26,"column":12},"end":{"line":26,"column":100}},"19":{"start":{"line":28,"column":8},"end":{"line":35,"column":9}},"20":{"start":{"line":29,"column":12},"end":{"line":31,"column":13}},"21":{"start":{"line":30,"column":16},"end":{"line":30,"column":39}},"22":{"start":{"line":34,"column":12},"end":{"line":34,"column":106}},"23":{"start":{"line":36,"column":8},"end":{"line":81,"column":11}},"24":{"start":{"line":37,"column":12},"end":{"line":80,"column":13}},"25":{"start":{"line":38,"column":28},"end":{"line":38,"column":30}},"26":{"start":{"line":39,"column":26},"end":{"line":39,"column":37}},"27":{"start":{"line":40,"column":16},"end":{"line":76,"column":19}},"28":{"start":{"line":41,"column":20},"end":{"line":43,"column":23}},"29":{"start":{"line":42,"column":24},"end":{"line":42,"column":57}},"30":{"start":{"line":44,"column":20},"end":{"line":46,"column":21}},"31":{"start":{"line":45,"column":24},"end":{"line":45,"column":104}},"32":{"start":{"line":47,"column":20},"end":{"line":47,"column":46}},"33":{"start":{"line":49,"column":31},"end":{"line":49,"column":33}},"34":{"start":{"line":50,"column":20},"end":{"line":55,"column":21}},"35":{"start":{"line":51,"column":42},"end":{"line":51,"column":57}},"36":{"start":{"line":52,"column":24},"end":{"line":54,"column":25}},"37":{"start":{"line":53,"column":28},"end":{"line":53,"column":81}},"38":{"start":{"line":53,"column":61},"end":{"line":53,"column":79}},"39":{"start":{"line":56,"column":20},"end":{"line":66,"column":21}},"40":{"start":{"line":57,"column":24},"end":{"line":57,"column":101}},"41":{"start":{"line":60,"column":42},"end":{"line":61,"column":79}},"42":{"start":{"line":62,"column":47},"end":{"line":62,"column":130}},"43":{"start":{"line":63,"column":24},"end":{"line":63,"column":66}},"44":{"start":{"line":64,"column":24},"end":{"line":64,"column":56}},"45":{"start":{"line":65,"column":24},"end":{"line":65,"column":45}},"46":{"start":{"line":67,"column":20},"end":{"line":72,"column":21}},"47":{"start":{"line":68,"column":24},"end":{"line":68,"column":79}},"48":{"start":{"line":71,"column":24},"end":{"line":71,"column":107}},"49":{"start":{"line":73,"column":20},"end":{"line":73,"column":37}},"50":{"start":{"line":75,"column":20},"end":{"line":75,"column":103}},"51":{"start":{"line":78,"column":17},"end":{"line":80,"column":13}},"52":{"start":{"line":79,"column":16},"end":{"line":79,"column":110}},"53":{"start":{"line":84,"column":8},"end":{"line":86,"column":9}},"54":{"start":{"line":85,"column":12},"end":{"line":85,"column":98}},"55":{"start":{"line":87,"column":8},"end":{"line":97,"column":9}},"56":{"start":{"line":88,"column":23},"end":{"line":88,"column":27}},"57":{"start":{"line":89,"column":12},"end":{"line":93,"column":13}},"58":{"start":{"line":90,"column":16},"end":{"line":92,"column":17}},"59":{"start":{"line":91,"column":20},"end":{"line":91,"column":33}},"60":{"start":{"line":94,"column":12},"end":{"line":96,"column":13}},"61":{"start":{"line":95,"column":16},"end":{"line":95,"column":117}},"62":{"start":{"line":98,"column":8},"end":{"line":138,"column":11}},"63":{"start":{"line":99,"column":12},"end":{"line":113,"column":13}},"64":{"start":{"line":101,"column":16},"end":{"line":101,"column":95}},"65":{"start":{"line":101,"column":73},"end":{"line":101,"column":93}},"66":{"start":{"line":102,"column":16},"end":{"line":109,"column":17}},"67":{"start":{"line":103,"column":20},"end":{"line":108,"column":21}},"68":{"start":{"line":104,"column":24},"end":{"line":104,"column":64}},"69":{"start":{"line":107,"column":24},"end":{"line":107,"column":120}},"70":{"start":{"line":111,"column":17},"end":{"line":113,"column":13}},"71":{"start":{"line":112,"column":16},"end":{"line":112,"column":107}},"72":{"start":{"line":114,"column":12},"end":{"line":125,"column":13}},"73":{"start":{"line":116,"column":16},"end":{"line":116,"column":52}},"74":{"start":{"line":117,"column":16},"end":{"line":124,"column":17}},"75":{"start":{"line":118,"column":20},"end":{"line":123,"column":21}},"76":{"start":{"line":119,"column":24},"end":{"line":119,"column":57}},"77":{"start":{"line":122,"column":24},"end":{"line":122,"column":115}},"78":{"start":{"line":126,"column":12},"end":{"line":136,"column":13}},"79":{"start":{"line":127,"column":16},"end":{"line":132,"column":17}},"80":{"start":{"line":128,"column":20},"end":{"line":128,"column":50}},"81":{"start":{"line":131,"column":20},"end":{"line":131,"column":114}},"82":{"start":{"line":135,"column":16},"end":{"line":135,"column":110}},"83":{"start":{"line":137,"column":12},"end":{"line":137,"column":20}},"84":{"start":{"line":141,"column":8},"end":{"line":143,"column":9}},"85":{"start":{"line":142,"column":12},"end":{"line":142,"column":71}},"86":{"start":{"line":144,"column":8},"end":{"line":144,"column":87}},"87":{"start":{"line":147,"column":32},"end":{"line":147,"column":56}},"88":{"start":{"line":148,"column":24},"end":{"line":148,"column":83}},"89":{"start":{"line":149,"column":8},"end":{"line":153,"column":9}},"90":{"start":{"line":150,"column":12},"end":{"line":152,"column":13}},"91":{"start":{"line":151,"column":16},"end":{"line":151,"column":28}},"92":{"start":{"line":154,"column":8},"end":{"line":163,"column":11}},"93":{"start":{"line":155,"column":12},"end":{"line":157,"column":13}},"94":{"start":{"line":156,"column":16},"end":{"line":156,"column":29}},"95":{"start":{"line":158,"column":27},"end":{"line":158,"column":43}},"96":{"start":{"line":159,"column":30},"end":{"line":160,"column":67}},"97":{"start":{"line":161,"column":12},"end":{"line":161,"column":44}},"98":{"start":{"line":162,"column":12},"end":{"line":162,"column":40}},"99":{"start":{"line":164,"column":8},"end":{"line":164,"column":21}},"100":{"start":{"line":167,"column":8},"end":{"line":169,"column":11}},"101":{"start":{"line":168,"column":12},"end":{"line":168,"column":42}},"102":{"start":{"line":172,"column":0},"end":{"line":172,"column":32}},"103":{"start":{"line":174,"column":28},"end":{"line":174,"column":30}},"104":{"start":{"line":176,"column":4},"end":{"line":181,"column":5}},"105":{"start":{"line":177,"column":8},"end":{"line":177,"column":18}},"106":{"start":{"line":180,"column":8},"end":{"line":180,"column":32}},"107":{"start":{"line":182,"column":23},"end":{"line":182,"column":37}},"108":{"start":{"line":183,"column":4},"end":{"line":213,"column":5}},"109":{"start":{"line":184,"column":29},"end":{"line":196,"column":9}},"110":{"start":{"line":197,"column":8},"end":{"line":197,"column":52}},"111":{"start":{"line":198,"column":8},"end":{"line":198,"column":50}},"112":{"start":{"line":199,"column":8},"end":{"line":199,"column":56}},"113":{"start":{"line":200,"column":8},"end":{"line":200,"column":48}},"114":{"start":{"line":201,"column":8},"end":{"line":201,"column":42}},"115":{"start":{"line":202,"column":8},"end":{"line":202,"column":44}},"116":{"start":{"line":203,"column":8},"end":{"line":203,"column":46}},"117":{"start":{"line":204,"column":8},"end":{"line":204,"column":46}},"118":{"start":{"line":205,"column":8},"end":{"line":205,"column":48}},"119":{"start":{"line":206,"column":8},"end":{"line":211,"column":9}},"120":{"start":{"line":207,"column":12},"end":{"line":207,"column":39}},"121":{"start":{"line":210,"column":12},"end":{"line":210,"column":50}},"122":{"start":{"line":212,"column":8},"end":{"line":212,"column":47}},"123":{"start":{"line":214,"column":4},"end":{"line":214,"column":29}}},"fnMap":{"0":{"name":"(anonymous_0)","decl":{"start":{"line":12,"column":4},"end":{"line":12,"column":5}},"loc":{"start":{"line":12,"column":18},"end":{"line":17,"column":5}},"line":12},"1":{"name":"(anonymous_1)","decl":{"start":{"line":18,"column":4},"end":{"line":18,"column":5}},"loc":{"start":{"line":18,"column":34},"end":{"line":82,"column":5}},"line":18},"2":{"name":"(anonymous_2)","decl":{"start":{"line":36,"column":27},"end":{"line":36,"column":28}},"loc":{"start":{"line":36,"column":44},"end":{"line":81,"column":9}},"line":36},"3":{"name":"(anonymous_3)","decl":{"start":{"line":40,"column":62},"end":{"line":40,"column":63}},"loc":{"start":{"line":40,"column":75},"end":{"line":48,"column":17}},"line":40},"4":{"name":"(anonymous_4)","decl":{"start":{"line":41,"column":54},"end":{"line":41,"column":55}},"loc":{"start":{"line":41,"column":78},"end":{"line":43,"column":21}},"line":41},"5":{"name":"(anonymous_5)","decl":{"start":{"line":48,"column":24},"end":{"line":48,"column":25}},"loc":{"start":{"line":48,"column":42},"end":{"line":74,"column":17}},"line":48},"6":{"name":"(anonymous_6)","decl":{"start":{"line":53,"column":48},"end":{"line":53,"column":49}},"loc":{"start":{"line":53,"column":61},"end":{"line":53,"column":79}},"line":53},"7":{"name":"(anonymous_7)","decl":{"start":{"line":74,"column":25},"end":{"line":74,"column":26}},"loc":{"start":{"line":74,"column":36},"end":{"line":76,"column":17}},"line":74},"8":{"name":"(anonymous_8)","decl":{"start":{"line":83,"column":4},"end":{"line":83,"column":5}},"loc":{"start":{"line":83,"column":22},"end":{"line":139,"column":5}},"line":83},"9":{"name":"(anonymous_9)","decl":{"start":{"line":98,"column":27},"end":{"line":98,"column":28}},"loc":{"start":{"line":98,"column":44},"end":{"line":138,"column":9}},"line":98},"10":{"name":"(anonymous_10)","decl":{"start":{"line":101,"column":57},"end":{"line":101,"column":58}},"loc":{"start":{"line":101,"column":73},"end":{"line":101,"column":93}},"line":101},"11":{"name":"(anonymous_11)","decl":{"start":{"line":140,"column":4},"end":{"line":140,"column":5}},"loc":{"start":{"line":140,"column":24},"end":{"line":145,"column":5}},"line":140},"12":{"name":"(anonymous_12)","decl":{"start":{"line":146,"column":4},"end":{"line":146,"column":5}},"loc":{"start":{"line":146,"column":30},"end":{"line":165,"column":5}},"line":146},"13":{"name":"(anonymous_13)","decl":{"start":{"line":154,"column":52},"end":{"line":154,"column":53}},"loc":{"start":{"line":154,"column":67},"end":{"line":163,"column":9}},"line":154},"14":{"name":"(anonymous_14)","decl":{"start":{"line":166,"column":4},"end":{"line":166,"column":5}},"loc":{"start":{"line":166,"column":19},"end":{"line":170,"column":5}},"line":166},"15":{"name":"(anonymous_15)","decl":{"start":{"line":167,"column":27},"end":{"line":167,"column":28}},"loc":{"start":{"line":167,"column":40},"end":{"line":169,"column":9}},"line":167},"16":{"name":"parseData","decl":{"start":{"line":173,"column":9},"end":{"line":173,"column":18}},"loc":{"start":{"line":173,"column":25},"end":{"line":215,"column":1}},"line":173}},"branchMap":{"0":{"loc":{"start":{"line":19,"column":8},"end":{"line":21,"column":9}},"type":"if","locations":[{"start":{"line":19,"column":8},"end":{"line":21,"column":9}},{"start":{"line":19,"column":8},"end":{"line":21,"column":9}}],"line":19},"1":{"loc":{"start":{"line":22,"column":8},"end":{"line":24,"column":9}},"type":"if","locations":[{"start":{"line":22,"column":8},"end":{"line":24,"column":9}},{"start":{"line":22,"column":8},"end":{"line":24,"column":9}}],"line":22},"2":{"loc":{"start":{"line":25,"column":8},"end":{"line":27,"column":9}},"type":"if","locations":[{"start":{"line":25,"column":8},"end":{"line":27,"column":9}},{"start":{"line":25,"column":8},"end":{"line":27,"column":9}}],"line":25},"3":{"loc":{"start":{"line":29,"column":12},"end":{"line":31,"column":13}},"type":"if","locations":[{"start":{"line":29,"column":12},"end":{"line":31,"column":13}},{"start":{"line":29,"column":12},"end":{"line":31,"column":13}}],"line":29},"4":{"loc":{"start":{"line":37,"column":12},"end":{"line":80,"column":13}},"type":"if","locations":[{"start":{"line":37,"column":12},"end":{"line":80,"column":13}},{"start":{"line":37,"column":12},"end":{"line":80,"column":13}}],"line":37},"5":{"loc":{"start":{"line":44,"column":20},"end":{"line":46,"column":21}},"type":"if","locations":[{"start":{"line":44,"column":20},"end":{"line":46,"column":21}},{"start":{"line":44,"column":20},"end":{"line":46,"column":21}}],"line":44},"6":{"loc":{"start":{"line":52,"column":24},"end":{"line":54,"column":25}},"type":"if","locations":[{"start":{"line":52,"column":24},"end":{"line":54,"column":25}},{"start":{"line":52,"column":24},"end":{"line":54,"column":25}}],"line":52},"7":{"loc":{"start":{"line":52,"column":28},"end":{"line":52,"column":73}},"type":"binary-expr","locations":[{"start":{"line":52,"column":28},"end":{"line":52,"column":50}},{"start":{"line":52,"column":54},"end":{"line":52,"column":73}}],"line":52},"8":{"loc":{"start":{"line":56,"column":20},"end":{"line":66,"column":21}},"type":"if","locations":[{"start":{"line":56,"column":20},"end":{"line":66,"column":21}},{"start":{"line":56,"column":20},"end":{"line":66,"column":21}}],"line":56},"9":{"loc":{"start":{"line":78,"column":17},"end":{"line":80,"column":13}},"type":"if","locations":[{"start":{"line":78,"column":17},"end":{"line":80,"column":13}},{"start":{"line":78,"column":17},"end":{"line":80,"column":13}}],"line":78},"10":{"loc":{"start":{"line":84,"column":8},"end":{"line":86,"column":9}},"type":"if","locations":[{"start":{"line":84,"column":8},"end":{"line":86,"column":9}},{"start":{"line":84,"column":8},"end":{"line":86,"column":9}}],"line":84},"11":{"loc":{"start":{"line":87,"column":8},"end":{"line":97,"column":9}},"type":"if","locations":[{"start":{"line":87,"column":8},"end":{"line":97,"column":9}},{"start":{"line":87,"column":8},"end":{"line":97,"column":9}}],"line":87},"12":{"loc":{"start":{"line":90,"column":16},"end":{"line":92,"column":17}},"type":"if","locations":[{"start":{"line":90,"column":16},"end":{"line":92,"column":17}},{"start":{"line":90,"column":16},"end":{"line":92,"column":17}}],"line":90},"13":{"loc":{"start":{"line":94,"column":12},"end":{"line":96,"column":13}},"type":"if","locations":[{"start":{"line":94,"column":12},"end":{"line":96,"column":13}},{"start":{"line":94,"column":12},"end":{"line":96,"column":13}}],"line":94},"14":{"loc":{"start":{"line":99,"column":12},"end":{"line":113,"column":13}},"type":"if","locations":[{"start":{"line":99,"column":12},"end":{"line":113,"column":13}},{"start":{"line":99,"column":12},"end":{"line":113,"column":13}}],"line":99},"15":{"loc":{"start":{"line":102,"column":16},"end":{"line":109,"column":17}},"type":"if","locations":[{"start":{"line":102,"column":16},"end":{"line":109,"column":17}},{"start":{"line":102,"column":16},"end":{"line":109,"column":17}}],"line":102},"16":{"loc":{"start":{"line":111,"column":17},"end":{"line":113,"column":13}},"type":"if","locations":[{"start":{"line":111,"column":17},"end":{"line":113,"column":13}},{"start":{"line":111,"column":17},"end":{"line":113,"column":13}}],"line":111},"17":{"loc":{"start":{"line":114,"column":12},"end":{"line":125,"column":13}},"type":"if","locations":[{"start":{"line":114,"column":12},"end":{"line":125,"column":13}},{"start":{"line":114,"column":12},"end":{"line":125,"column":13}}],"line":114},"18":{"loc":{"start":{"line":117,"column":16},"end":{"line":124,"column":17}},"type":"if","locations":[{"start":{"line":117,"column":16},"end":{"line":124,"column":17}},{"start":{"line":117,"column":16},"end":{"line":124,"column":17}}],"line":117},"19":{"loc":{"start":{"line":126,"column":12},"end":{"line":136,"column":13}},"type":"if","locations":[{"start":{"line":126,"column":12},"end":{"line":136,"column":13}},{"start":{"line":126,"column":12},"end":{"line":136,"column":13}}],"line":126},"20":{"loc":{"start":{"line":141,"column":8},"end":{"line":143,"column":9}},"type":"if","locations":[{"start":{"line":141,"column":8},"end":{"line":143,"column":9}},{"start":{"line":141,"column":8},"end":{"line":143,"column":9}}],"line":141},"21":{"loc":{"start":{"line":141,"column":12},"end":{"line":141,"column":109}},"type":"binary-expr","locations":[{"start":{"line":141,"column":12},"end":{"line":141,"column":65}},{"start":{"line":141,"column":69},"end":{"line":141,"column":109}}],"line":141},"22":{"loc":{"start":{"line":150,"column":12},"end":{"line":152,"column":13}},"type":"if","locations":[{"start":{"line":150,"column":12},"end":{"line":152,"column":13}},{"start":{"line":150,"column":12},"end":{"line":152,"column":13}}],"line":150},"23":{"loc":{"start":{"line":155,"column":12},"end":{"line":157,"column":13}},"type":"if","locations":[{"start":{"line":155,"column":12},"end":{"line":157,"column":13}},{"start":{"line":155,"column":12},"end":{"line":157,"column":13}}],"line":155},"24":{"loc":{"start":{"line":176,"column":4},"end":{"line":181,"column":5}},"type":"if","locations":[{"start":{"line":176,"column":4},"end":{"line":181,"column":5}},{"start":{"line":176,"column":4},"end":{"line":181,"column":5}}],"line":176},"25":{"loc":{"start":{"line":206,"column":8},"end":{"line":211,"column":9}},"type":"if","locations":[{"start":{"line":206,"column":8},"end":{"line":211,"column":9}},{"start":{"line":206,"column":8},"end":{"line":211,"column":9}}],"line":206}},"s":{"0":1,"1":1,"2":1,"3":1,"4":1,"5":1,"6":1,"7":1,"8":1,"9":3,"10":3,"11":3,"12":3,"13":2,"14":0,"15":2,"16":0,"17":2,"18":0,"19":2,"20":2,"21":0,"22":0,"23":2,"24":2,"25":2,"26":2,"27":2,"28":2,"29":11888,"30":2,"31":0,"32":2,"33":2,"34":2,"35":11888,"36":11888,"37":7178,"38":129224,"39":2,"40":0,"41":2,"42":2,"43":2,"44":2,"45":2,"46":2,"47":2,"48":0,"49":2,"50":0,"51":0,"52":0,"53":0,"54":0,"55":0,"56":0,"57":0,"58":0,"59":0,"60":0,"61":0,"62":0,"63":0,"64":0,"65":0,"66":0,"67":0,"68":0,"69":0,"70":0,"71":0,"72":0,"73":0,"74":0,"75":0,"76":0,"77":0,"78":0,"79":0,"80":0,"81":0,"82":0,"83":0,"84":167,"85":124,"86":43,"87":44,"88":44,"89":44,"90":44,"91":43,"92":1,"93":1,"94":1,"95":0,"96":0,"97":0,"98":0,"99":1,"100":0,"101":0,"102":1,"103":11888,"104":11888,"105":0,"106":11888,"107":11888,"108":11888,"109":129224,"110":129224,"111":129224,"112":129224,"113":129224,"114":129224,"115":129224,"116":129224,"117":129224,"118":129224,"119":129224,"120":49242,"121":79982,"122":129224,"123":11888},"f":{"0":3,"1":2,"2":2,"3":2,"4":11888,"5":2,"6":129224,"7":0,"8":0,"9":0,"10":0,"11":167,"12":44,"13":1,"14":0,"15":0,"16":11888},"b":{"0":[0,2],"1":[0,2],"2":[0,2],"3":[0,2],"4":[2,0],"5":[0,2],"6":[7178,4710],"7":[11888,7178],"8":[0,2],"9":[0,0],"10":[0,0],"11":[0,0],"12":[0,0],"13":[0,0],"14":[0,0],"15":[0,0],"16":[0,0],"17":[0,0],"18":[0,0],"19":[0,0],"20":[124,43],"21":[167,44],"22":[43,1],"23":[1,0],"24":[0,11888],"25":[49242,79982]},"inputSourceMap":{"version":3,"file":"InsightFacade.js","sourceRoot":"","sources":["InsightFacade.ts"],"names":[],"mappings":";;AAAA,kCAA0B;AAC1B,qDAAiH;AAEjH,oDAAoD;AACpD,sDAAoF;AAEpF,kEAAsD;AACtD,gEAAmE;AACnE,+BAA+B;AAC/B,yBAAyB;AAqDzB,MAAqB,aAAa;IAC9B;QAKO,aAAQ,GAAc,EAAE,CAAC;QACzB,WAAM,GAAa,EAAE,CAAC;QACtB,oBAAe,GAAqB,EAAE,CAAC;QAN1C,cAAG,CAAC,KAAK,CAAC,2BAA2B,CAAC,CAAC;IAC3C,CAAC;IAOM,UAAU,CACb,EAAU,EACV,OAAe,EACf,IAAwB;QAExB,IAAI,CAAC,cAAc,CAAC,cAAc,CAAC,EAAE,CAAC,EAAE;YACpC,OAAO,OAAO,CAAC,MAAM,CAAC,IAAI,6BAAY,CAAC,2BAA2B,CAAC,CAAC,CAAC;SAAE;QAC3E,IAAI,kCAAiB,CAAC,EAAE,EAAE,IAAI,CAAC,MAAM,CAAC,EAAE;YACpC,OAAO,OAAO,CAAC,MAAM,CAAC,IAAI,6BAAY,CAAC,0CAA0C,CAAC,CAAC,CAAC;SAAE;QAC1F,IAAI,CAAC,oCAAmB,CAAC,IAAI,CAAC,EAAE;YAC5B,OAAO,OAAO,CAAC,MAAM,CAAC,IAAI,6BAAY,CAAC,6BAA6B,CAAC,CAAC,CAAC;SAAE;QAC7E,IAAI;YACA,IAAI,CAAC,EAAE,CAAC,UAAU,CAAC,QAAQ,CAAC,EAAE;gBAAE,EAAE,CAAC,SAAS,CAAC,QAAQ,CAAC,CAAC;aAAE;SAC5D;QAAC,OAAO,CAAC,EAAE;YACR,OAAO,OAAO,CAAC,MAAM,CAAC,IAAI,6BAAY,CAAC,mCAAmC,CAAC,CAAC,CAAC;SAChF;QACD,OAAO,IAAI,OAAO,CAAW,CAAC,GAAG,EAAE,MAAM,EAAE,EAAE;YAC7C,IAAI,IAAI,KAAK,mCAAkB,CAAC,OAAO,EAAE;gBACjC,IAAI,KAAK,GAAU,EAAE,CAAC;gBACtB,IAAI,GAAG,GAAG,IAAI,KAAK,EAAE,CAAC;gBACtB,GAAG,CAAC,SAAS,CAAC,OAAO,EAAE,EAAC,MAAM,EAAE,IAAI,EAAC,CAAC,CAAC,IAAI,CAAC,CAAC,OAAO,EAAE,EAAE;oBACpD,OAAO,CAAC,MAAM,CAAC,SAAS,CAAC,CAAC,OAAO,CAAC,CAAC,YAAY,EAAE,IAAI,EAAE,EAAE;wBACrD,KAAK,CAAC,IAAI,CAAC,IAAI,CAAC,KAAK,CAAC,QAAQ,CAAC,CAAC,CAAC;oBAAC,CAAC,CAAC,CAAC;oBACzC,IAAI,KAAK,CAAC,MAAM,KAAK,CAAC,EAAE;wBACpB,OAAO,OAAO,CAAC,MAAM,CAAC,IAAI,6BAAY,CAAC,qBAAqB,CAAC,CAAC,CAAC;qBAClE;oBACD,OAAO,OAAO,CAAC,GAAG,CAAC,KAAK,CAAC,CAAC;gBAC9B,CAAC,CAAC,CAAC,IAAI,CAAC,CAAC,YAAY,EAAE,EAAE;oBAErB,IAAI,IAAI,GAAc,EAAE,CAAC;oBACzB,KAAK,IAAI,IAAI,IAAI,YAAY,EAAE;wBAC3B,IAAI,WAAW,GAAc,SAAS,CAAC,IAAI,CAAC,CAAC;wBAC7C,IAAI,WAAW,CAAC,MAAM,GAAG,CAAC,IAAI,WAAW,IAAI,IAAI,EAAE;4BAC/C,WAAW,CAAC,OAAO,CAAC,CAAC,OAAO,EAAE,EAAE,CAAC,IAAI,CAAC,IAAI,CAAC,OAAO,CAAC,CAAC,CAAC;yBACxD;qBAAE;oBACP,IAAI,IAAI,CAAC,MAAM,KAAK,CAAC,EAAE;wBACnB,OAAO,MAAM,CAAC,IAAI,6BAAY,CAAC,0BAA0B,CAAC,CAAC,CAAC;qBAC/D;yBAAM;wBACH,IAAI,WAAW,GAAY,EAAC,EAAE,EAAE,EAAE,EAAE,QAAQ,EAAE,IAAI,EAAE,KAAK,EAAE,EAAE;4BACzD,IAAI,EAAE,mCAAkB,CAAC,OAAO,EAAC,CAAC;wBACtC,MAAM,cAAc,GACd,EAAC,EAAE,EAAE,EAAE,EAAE,IAAI,EAAE,mCAAkB,CAAC,OAAO,EAAE,OAAO,EAAE,IAAI,CAAC,MAAM,EAAC,CAAC;wBACvE,IAAI,CAAC,eAAe,CAAC,IAAI,CAAC,cAAc,CAAC,CAAC;wBAC1C,IAAI,CAAC,QAAQ,CAAC,IAAI,CAAC,WAAW,CAAC,CAAC;wBAChC,IAAI,CAAC,MAAM,CAAC,IAAI,CAAC,EAAE,CAAC,CAAC;qBAAE;oBAI3B,IAAI;wBAAE,EAAE,CAAC,aAAa,CAAC,SAAS,GAAG,EAAE,EAAE,IAAI,CAAC,SAAS,CAAC,IAAI,CAAC,CAAC,CAAC;qBAC5D;oBAAC,OAAO,CAAC,EAAE;wBAAE,OAAO,MAAM,CAAC,IAAI,6BAAY,CAAC,gCAAgC,CAAC,CAAC,CAAC;qBAAE;oBAClF,GAAG,CAAC,IAAI,CAAC,MAAM,CAAC,CAAC;gBACrB,CAAC,CAAC,CAAC,KAAK,CAAC,CAAC,KAAU,EAAE,EAAE;oBACpB,OAAO,MAAM,CAAC,IAAI,6BAAY,CAAC,gCAAgC,CAAC,CAAC,CAAC;gBACtE,CAAC,CAAC,CAAC;aACN;iBAAM,IAAI,IAAI,KAAK,mCAAkB,CAAC,KAAK,EAAE;gBAC1C,OAAO,MAAM,CAAC,IAAI,6BAAY,CAAC,2CAA2C,CAAC,CAAC,CAAC;aAChF;QACL,CAAC,CAAC,CAAC;IACP,CAAC;IAEM,aAAa,CAAC,EAAU;QAC3B,IAAI,CAAC,cAAc,CAAC,cAAc,CAAC,EAAE,CAAC,EAAE;YACpC,OAAO,OAAO,CAAC,MAAM,CAAC,IAAI,6BAAY,CAAC,2BAA2B,CAAC,CAAC,CAAC;SAAE;QAC3E,IAAI,CAAC,kCAAiB,CAAC,EAAE,EAAE,IAAI,CAAC,MAAM,CAAC,EAAE;YACrC,IAAI,IAAI,GAAY,IAAI,CAAC;YACzB,KAAK,IAAI,OAAO,IAAI,IAAI,CAAC,QAAQ,EAAE;gBAC/B,IAAI,OAAO,CAAC,EAAE,KAAK,EAAE,EAAE;oBACnB,IAAI,GAAG,KAAK,CAAC;iBAAE;aACtB;YACD,IAAI,IAAI,KAAK,IAAI,EAAE;gBACf,OAAO,OAAO,CAAC,MAAM,CAAC,IAAI,8BAAa,CAAC,yCAAyC,CAAC,CAAC,CAAC;aACvF;SACJ;QACD,OAAO,IAAI,OAAO,CAAS,CAAC,GAAG,EAAE,MAAM,EAAE,EAAE;YAGvC,IAAI,IAAI,CAAC,QAAQ,CAAC,MAAM,KAAK,CAAC,EAAE;gBAC5B,IAAI,cAAc,CAAC;gBACnB,cAAc,GAAG,IAAI,CAAC,QAAQ,CAAC,SAAS,CAAC,CAAC,UAAU,EAAE,EAAE,CAAC,UAAU,CAAC,EAAE,KAAK,EAAE,CAAC,CAAC;gBAC/E,IAAI,cAAc,IAAI,CAAC,EAAE;oBACrB,IAAI;wBACA,IAAI,CAAC,QAAQ,CAAC,MAAM,CAAC,cAAc,EAAE,CAAC,CAAC,CAAC;qBAC3C;oBAAC,OAAO,GAAG,EAAE;wBACV,OAAO,MAAM,CAAC,IAAI,6BAAY,CAAC,6CAA6C,CAAC,CAAC,CAAC;qBAClF;iBACJ;aACJ;iBAAM,IAAI,IAAI,CAAC,QAAQ,CAAC,MAAM,KAAK,CAAC,EAAE;gBACnC,OAAO,MAAM,CAAC,IAAI,6BAAY,CAAC,wCAAwC,CAAC,CAAC,CAAC;aAC7E;YACD,IAAI,IAAI,CAAC,MAAM,CAAC,MAAM,KAAK,CAAC,EAAE;gBAC1B,IAAI,SAAS,CAAC;gBACd,SAAS,GAAG,IAAI,CAAC,MAAM,CAAC,OAAO,CAAC,EAAE,CAAC,CAAC;gBACpC,IAAI,SAAS,IAAI,CAAC,EAAE;oBAChB,IAAI;wBACA,IAAI,CAAC,MAAM,CAAC,MAAM,CAAC,SAAS,EAAE,CAAC,CAAC,CAAC;qBACpC;oBAAC,OAAO,GAAG,EAAE;wBACV,OAAO,MAAM,CAAC,IAAI,6BAAY,CAAC,wCAAwC,CAAC,CAAC,CAAC;qBAC7E;iBACJ;aACJ;YACD,IAAI,EAAE,CAAC,UAAU,CAAC,QAAQ,CAAC,EAAE;gBACzB,IAAI;oBACA,EAAE,CAAC,UAAU,CAAC,SAAS,GAAG,EAAE,CAAC,CAAC;iBACjC;gBAAC,OAAO,CAAC,EAAE;oBACR,OAAO,MAAM,CAAC,IAAI,6BAAY,CAAC,2CAA2C,CAAC,CAAC,CAAC;iBAChF;aACJ;iBAAM;gBACH,OAAO,MAAM,CAAC,IAAI,6BAAY,CAAC,2CAA2C,CAAC,CAAC,CAAC;aAChF;YACD,GAAG,CAAC,EAAE,CAAC,CAAC;QACZ,CAAC,CAAC,CAAC;IACP,CAAC;IAEM,YAAY,CAAC,KAAU;QAE1B,IAAI,oCAAa,CAAC,KAAK,CAAC,KAAK,KAAK,IAAI,IAAI,CAAC,kBAAkB,CAAC,KAAK,CAAC,KAAK,KAAK,EAAE;YAC5E,OAAO,OAAO,CAAC,MAAM,CAAC,IAAI,6BAAY,EAAE,CAAC,CAAC;SAC7C;QAGD,OAAO,iDAA2B,CAAC,KAAK,EAAE,IAAI,CAAC,QAAQ,CAAC,CAAC;IAC7D,CAAC;IASM,kBAAkB,CAAC,KAAU;QAChC,IAAI,iBAAiB,GAAW,KAAK,CAAC,OAAO,CAAC,OAAO,CAAC,CAAC,CAAC,CAAC;QACzD,IAAI,SAAS,GAAW,iBAAiB,CAAC,MAAM,CAAC,CAAC,EAAE,iBAAiB,CAAC,OAAO,CAAC,GAAG,CAAC,CAAC,CAAC;QAEpF,KAAK,IAAI,MAAM,IAAI,IAAI,CAAC,MAAM,EAAE;YAC5B,IAAI,MAAM,KAAK,SAAS,EAAE;gBACtB,OAAO,IAAI,CAAC;aACf;SACJ;QAED,EAAE,CAAC,QAAQ,CAAC,SAAS,GAAG,SAAS,EAAE,OAAO,EAAE,CAAC,GAAG,EAAE,IAAI,EAAE,EAAE;YACtD,IAAI,GAAG,EAAE;gBACL,OAAO,KAAK,CAAC;aAChB;YAED,IAAI,QAAQ,GAAG,IAAI,CAAC,KAAK,CAAC,IAAI,CAAC,CAAC;YAChC,IAAI,WAAW,GAAY,EAAC,EAAE,EAAE,SAAS,EAAE,QAAQ,EAAE,QAAQ,EAAE,KAAK,EAAE,EAAE;gBACpE,IAAI,EAAE,mCAAkB,CAAC,OAAO,EAAE,CAAC;YACvC,IAAI,CAAC,QAAQ,CAAC,IAAI,CAAC,WAAW,CAAC,CAAC;YAChC,IAAI,CAAC,MAAM,CAAC,IAAI,CAAC,SAAS,CAAC,CAAC;QAChC,CAAC,CAAC,CAAC;QAEH,OAAO,KAAK,CAAC;IACjB,CAAC;IAEM,YAAY;QACf,OAAO,IAAI,OAAO,CAAC,CAAC,OAAO,EAAE,EAAE;YAC3B,OAAO,CAAC,IAAI,CAAC,eAAe,CAAC,CAAC;QAClC,CAAC,CAAC,CAAC;IAmBP,CAAC;CACJ;AA5LD,gCA4LC;AAED,SAAS,SAAS,CAAC,IAAS;IACxB,IAAI,iBAAiB,GAAc,EAAE,CAAC;IACtC,IAAI,IAAI,CAAC;IACT,IAAI,CAAC,0BAAS,CAAC,IAAI,CAAC,EAAE;QAClB,OAAO,EAAE,CAAC;KACb;SAAM;QACH,IAAI,GAAG,IAAI,CAAC,KAAK,CAAC,IAAI,CAAC,CAAC;KAC3B;IACD,IAAI,YAAY,GAAG,IAAI,CAAC,QAAQ,CAAC,CAAC;IAClC,KAAK,MAAM,OAAO,IAAI,YAAY,EAAE;QAChC,IAAI,cAAc,GAAY;YAC1B,OAAO,EAAE,EAAE;YACX,OAAO,EAAE,EAAE;YACX,MAAM,EAAE,EAAE;YACV,SAAS,EAAE,EAAE;YACb,KAAK,EAAE,EAAE;YACT,EAAE,EAAE,EAAE;YACN,GAAG,EAAE,CAAC;YACN,IAAI,EAAE,CAAC;YACP,IAAI,EAAE,CAAC;YACP,KAAK,EAAE,CAAC;YACR,IAAI,EAAE,CAAC;SACV,CAAC;QACF,cAAc,CAAC,OAAO,GAAG,OAAO,CAAC,SAAS,CAAC,CAAC;QAC5C,cAAc,CAAC,MAAM,GAAG,OAAO,CAAC,QAAQ,CAAC,CAAC;QAC1C,cAAc,CAAC,SAAS,GAAG,OAAO,CAAC,WAAW,CAAC,CAAC;QAChD,cAAc,CAAC,KAAK,GAAG,OAAO,CAAC,OAAO,CAAC,CAAC;QACxC,cAAc,CAAC,EAAE,GAAG,OAAO,CAAC,IAAI,CAAC,CAAC;QAClC,cAAc,CAAC,GAAG,GAAG,OAAO,CAAC,KAAK,CAAC,CAAC;QACpC,cAAc,CAAC,IAAI,GAAG,OAAO,CAAC,MAAM,CAAC,CAAC;QACtC,cAAc,CAAC,IAAI,GAAG,OAAO,CAAC,MAAM,CAAC,CAAC;QACtC,cAAc,CAAC,KAAK,GAAG,OAAO,CAAC,OAAO,CAAC,CAAC;QACxC,IAAI,OAAO,CAAC,SAAS,CAAC,KAAK,SAAS,EAAE;YAClC,cAAc,CAAC,IAAI,GAAG,IAAI,CAAC;SAC9B;aAAM;YACH,cAAc,CAAC,IAAI,GAAG,OAAO,CAAC,MAAM,CAAC,CAAC;SACzC;QACD,iBAAiB,CAAC,IAAI,CAAC,cAAc,CAAC,CAAC;KAC1C;IAMD,OAAO,iBAAiB,CAAC;AAC7B,CAAC"},"_coverageSchema":"1a1c01bbd47fc00a2c39e90264f33305004495a9","hash":"05187c8727f3d3897b6058302c882bb1ac0b2df4","contentHash":"33050947990662c30cf47961f8e7a084e331600d5dd6de50a3cfd8f76e844a1e"},"C:\\Dev\\project_team175\\src\\Util.js":{"path":"C:\\Dev\\project_team175\\src\\Util.js","statementMap":{"0":{"start":{"line":2,"column":0},"end":{"line":2,"column":62}},"1":{"start":{"line":5,"column":8},"end":{"line":5,"column":67}},"2":{"start":{"line":8,"column":8},"end":{"line":8,"column":68}},"3":{"start":{"line":11,"column":8},"end":{"line":11,"column":68}},"4":{"start":{"line":14,"column":8},"end":{"line":14,"column":69}},"5":{"start":{"line":17,"column":8},"end":{"line":17,"column":67}},"6":{"start":{"line":20,"column":0},"end":{"line":20,"column":22}}},"fnMap":{"0":{"name":"(anonymous_0)","decl":{"start":{"line":4,"column":4},"end":{"line":4,"column":5}},"loc":{"start":{"line":4,"column":25},"end":{"line":6,"column":5}},"line":4},"1":{"name":"(anonymous_1)","decl":{"start":{"line":7,"column":4},"end":{"line":7,"column":5}},"loc":{"start":{"line":7,"column":24},"end":{"line":9,"column":5}},"line":7},"2":{"name":"(anonymous_2)","decl":{"start":{"line":10,"column":4},"end":{"line":10,"column":5}},"loc":{"start":{"line":10,"column":24},"end":{"line":12,"column":5}},"line":10},"3":{"name":"(anonymous_3)","decl":{"start":{"line":13,"column":4},"end":{"line":13,"column":5}},"loc":{"start":{"line":13,"column":25},"end":{"line":15,"column":5}},"line":13},"4":{"name":"(anonymous_4)","decl":{"start":{"line":16,"column":4},"end":{"line":16,"column":5}},"loc":{"start":{"line":16,"column":24},"end":{"line":18,"column":5}},"line":16}},"branchMap":{},"s":{"0":1,"1":3,"2":0,"3":0,"4":0,"5":8,"6":1},"f":{"0":3,"1":0,"2":0,"3":0,"4":8},"b":{},"inputSourceMap":{"version":3,"file":"Util.js","sourceRoot":"","sources":["Util.ts"],"names":[],"mappings":";;AAGA,MAAqB,GAAG;IACb,MAAM,CAAC,KAAK,CAAC,GAAG,GAAU;QAC7B,OAAO,CAAC,GAAG,CAAC,OAAO,IAAI,IAAI,EAAE,CAAC,cAAc,EAAE,GAAG,EAAE,GAAG,GAAG,CAAC,CAAC;IAC/D,CAAC;IAEM,MAAM,CAAC,IAAI,CAAC,GAAG,GAAU;QAC5B,OAAO,CAAC,IAAI,CAAC,OAAO,IAAI,IAAI,EAAE,CAAC,cAAc,EAAE,GAAG,EAAE,GAAG,GAAG,CAAC,CAAC;IAChE,CAAC;IAEM,MAAM,CAAC,IAAI,CAAC,GAAG,GAAU;QAC5B,OAAO,CAAC,IAAI,CAAC,OAAO,IAAI,IAAI,EAAE,CAAC,cAAc,EAAE,GAAG,EAAE,GAAG,GAAG,CAAC,CAAC;IAChE,CAAC;IAEM,MAAM,CAAC,KAAK,CAAC,GAAG,GAAU;QAC7B,OAAO,CAAC,KAAK,CAAC,OAAO,IAAI,IAAI,EAAE,CAAC,cAAc,EAAE,GAAG,EAAE,GAAG,GAAG,CAAC,CAAC;IACjE,CAAC;IAEM,MAAM,CAAC,IAAI,CAAC,GAAG,GAAU;QAC5B,OAAO,CAAC,GAAG,CAAC,OAAO,IAAI,IAAI,EAAE,CAAC,cAAc,EAAE,GAAG,EAAE,GAAG,GAAG,CAAC,CAAC;IAC/D,CAAC;CACJ;AApBD,sBAoBC"},"_coverageSchema":"1a1c01bbd47fc00a2c39e90264f33305004495a9","hash":"b8fee51783d5d452f476d9e58f0f37395c406de1","contentHash":"2b1cf10036921eac153d138bb5839f1200c698c289d96425bde3b08284fce68a"},"C:\\Dev\\project_team175\\src\\dataSetHelpers.js":{"path":"C:\\Dev\\project_team175\\src\\dataSetHelpers.js","statementMap":{"0":{"start":{"line":2,"column":0},"end":{"line":2,"column":62}},"1":{"start":{"line":4,"column":4},"end":{"line":12,"column":5}},"2":{"start":{"line":8,"column":8},"end":{"line":8,"column":21}},"3":{"start":{"line":11,"column":8},"end":{"line":11,"column":20}},"4":{"start":{"line":14,"column":0},"end":{"line":14,"column":40}},"5":{"start":{"line":16,"column":4},"end":{"line":20,"column":5}},"6":{"start":{"line":17,"column":8},"end":{"line":19,"column":9}},"7":{"start":{"line":18,"column":12},"end":{"line":18,"column":24}},"8":{"start":{"line":21,"column":4},"end":{"line":21,"column":17}},"9":{"start":{"line":23,"column":0},"end":{"line":23,"column":46}},"10":{"start":{"line":25,"column":4},"end":{"line":31,"column":5}},"11":{"start":{"line":27,"column":8},"end":{"line":27,"column":21}},"12":{"start":{"line":30,"column":8},"end":{"line":30,"column":20}},"13":{"start":{"line":33,"column":0},"end":{"line":33,"column":50}},"14":{"start":{"line":35,"column":4},"end":{"line":40,"column":5}},"15":{"start":{"line":36,"column":8},"end":{"line":36,"column":27}},"16":{"start":{"line":39,"column":8},"end":{"line":39,"column":21}},"17":{"start":{"line":41,"column":4},"end":{"line":41,"column":16}},"18":{"start":{"line":43,"column":0},"end":{"line":43,"column":30}}},"fnMap":{"0":{"name":"validDataSetID","decl":{"start":{"line":3,"column":9},"end":{"line":3,"column":23}},"loc":{"start":{"line":3,"column":29},"end":{"line":13,"column":1}},"line":3},"1":{"name":"existingDataSetID","decl":{"start":{"line":15,"column":9},"end":{"line":15,"column":26}},"loc":{"start":{"line":15,"column":43},"end":{"line":22,"column":1}},"line":15},"2":{"name":"validateDataSetKind","decl":{"start":{"line":24,"column":9},"end":{"line":24,"column":28}},"loc":{"start":{"line":24,"column":35},"end":{"line":32,"column":1}},"line":24},"3":{"name":"validJSON","decl":{"start":{"line":34,"column":9},"end":{"line":34,"column":18}},"loc":{"start":{"line":34,"column":27},"end":{"line":42,"column":1}},"line":34}},"branchMap":{"0":{"loc":{"start":{"line":4,"column":4},"end":{"line":12,"column":5}},"type":"if","locations":[{"start":{"line":4,"column":4},"end":{"line":12,"column":5}},{"start":{"line":4,"column":4},"end":{"line":12,"column":5}}],"line":4},"1":{"loc":{"start":{"line":4,"column":8},"end":{"line":7,"column":25}},"type":"binary-expr","locations":[{"start":{"line":4,"column":8},"end":{"line":4,"column":19}},{"start":{"line":5,"column":8},"end":{"line":5,"column":12}},{"start":{"line":6,"column":8},"end":{"line":6,"column":31}},{"start":{"line":7,"column":8},"end":{"line":7,"column":25}}],"line":4},"2":{"loc":{"start":{"line":17,"column":8},"end":{"line":19,"column":9}},"type":"if","locations":[{"start":{"line":17,"column":8},"end":{"line":19,"column":9}},{"start":{"line":17,"column":8},"end":{"line":19,"column":9}}],"line":17},"3":{"loc":{"start":{"line":25,"column":4},"end":{"line":31,"column":5}},"type":"if","locations":[{"start":{"line":25,"column":4},"end":{"line":31,"column":5}},{"start":{"line":25,"column":4},"end":{"line":31,"column":5}}],"line":25},"4":{"loc":{"start":{"line":25,"column":8},"end":{"line":26,"column":13}},"type":"binary-expr","locations":[{"start":{"line":25,"column":8},"end":{"line":25,"column":20}},{"start":{"line":26,"column":8},"end":{"line":26,"column":13}}],"line":25}},"s":{"0":1,"1":2,"2":0,"3":2,"4":1,"5":2,"6":0,"7":0,"8":2,"9":1,"10":2,"11":0,"12":2,"13":1,"14":11888,"15":11888,"16":0,"17":11888,"18":1},"f":{"0":2,"1":2,"2":2,"3":11888},"b":{"0":[0,2],"1":[2,2,2,2],"2":[0,0],"3":[0,2],"4":[2,2]},"inputSourceMap":{"version":3,"file":"dataSetHelpers.js","sourceRoot":"","sources":["dataSetHelpers.ts"],"names":[],"mappings":";;AAGA,SAAgB,cAAc,CAAC,GAAW;IACtC,IAAI,GAAG,IAAI,IAAI;QACX,CAAC,GAAG;QACJ,GAAG,CAAC,IAAI,EAAE,CAAC,MAAM,KAAK,CAAC;QACvB,GAAG,CAAC,QAAQ,CAAC,GAAG,CAAC,EAAE;QACnB,OAAO,KAAK,CAAC;KAChB;SAAM;QACH,OAAO,IAAI,CAAC;KACf;AACL,CAAC;AATD,wCASC;AAED,SAAgB,iBAAiB,CAAC,EAAU,EAAE,UAAoB;IAC9D,KAAK,MAAM,KAAK,IAAI,UAAU,EAAE;QAC5B,IAAI,KAAK,KAAK,EAAE,EAAE;YACd,OAAO,IAAI,CAAC;SACf;KACJ;IACD,OAAO,KAAK,CAAC;AACjB,CAAC;AAPD,8CAOC;AAED,SAAgB,mBAAmB,CAAC,IAAwB;IACxD,IAAI,IAAI,IAAI,IAAI;QACZ,CAAC,IAAI,EAAE;QACP,OAAO,KAAK,CAAC;KAChB;SAAM;QACH,OAAO,IAAI,CAAC;KACf;AACL,CAAC;AAPD,kDAOC;AAED,SAAgB,SAAS,CAAC,MAAW;IACjC,IAAI;QACA,IAAI,CAAC,KAAK,CAAC,MAAM,CAAC,CAAC;KACtB;IAAC,OAAO,CAAC,EAAE;QACR,OAAO,KAAK,CAAC;KAChB;IACD,OAAO,IAAI,CAAC;AAChB,CAAC;AAPD,8BAOC"},"_coverageSchema":"1a1c01bbd47fc00a2c39e90264f33305004495a9","hash":"7b04fe573dcf72dccde591c0717a09d20e05aacd","contentHash":"536475168905345b1dee5aaeb8fb2d635cd813db1b0acc1b45c5e4971b9985b0"},"C:\\Dev\\project_team175\\src\\QueryValidateLibrary.js":{"path":"C:\\Dev\\project_team175\\src\\QueryValidateLibrary.js","statementMap":{"0":{"start":{"line":2,"column":0},"end":{"line":2,"column":62}},"1":{"start":{"line":3,"column":31},"end":{"line":3,"column":64}},"2":{"start":{"line":4,"column":18},"end":{"line":4,"column":20}},"3":{"start":{"line":5,"column":18},"end":{"line":5,"column":20}},"4":{"start":{"line":6,"column":28},"end":{"line":6,"column":30}},"5":{"start":{"line":7,"column":22},"end":{"line":7,"column":62}},"6":{"start":{"line":8,"column":22},"end":{"line":8,"column":67}},"7":{"start":{"line":9,"column":32},"end":{"line":9,"column":63}},"8":{"start":{"line":10,"column":19},"end":{"line":10,"column":42}},"9":{"start":{"line":11,"column":19},"end":{"line":11,"column":102}},"10":{"start":{"line":12,"column":30},"end":{"line":12,"column":61}},"11":{"start":{"line":13,"column":23},"end":{"line":13,"column":67}},"12":{"start":{"line":15,"column":4},"end":{"line":17,"column":5}},"13":{"start":{"line":16,"column":8},"end":{"line":16,"column":21}},"14":{"start":{"line":18,"column":25},"end":{"line":18,"column":49}},"15":{"start":{"line":19,"column":13},"end":{"line":19,"column":46}},"16":{"start":{"line":20,"column":4},"end":{"line":22,"column":5}},"17":{"start":{"line":21,"column":8},"end":{"line":21,"column":21}},"18":{"start":{"line":23,"column":4},"end":{"line":34,"column":5}},"19":{"start":{"line":24,"column":8},"end":{"line":33,"column":9}},"20":{"start":{"line":25,"column":12},"end":{"line":25,"column":60}},"21":{"start":{"line":26,"column":12},"end":{"line":26,"column":51}},"22":{"start":{"line":27,"column":12},"end":{"line":29,"column":13}},"23":{"start":{"line":28,"column":16},"end":{"line":28,"column":29}},"24":{"start":{"line":32,"column":12},"end":{"line":32,"column":25}},"25":{"start":{"line":35,"column":27},"end":{"line":35,"column":104}},"26":{"start":{"line":36,"column":4},"end":{"line":38,"column":5}},"27":{"start":{"line":37,"column":8},"end":{"line":37,"column":21}},"28":{"start":{"line":39,"column":4},"end":{"line":51,"column":5}},"29":{"start":{"line":40,"column":8},"end":{"line":40,"column":36}},"30":{"start":{"line":41,"column":8},"end":{"line":41,"column":36}},"31":{"start":{"line":42,"column":8},"end":{"line":42,"column":56}},"32":{"start":{"line":44,"column":9},"end":{"line":51,"column":5}},"33":{"start":{"line":45,"column":8},"end":{"line":45,"column":33}},"34":{"start":{"line":46,"column":8},"end":{"line":46,"column":33}},"35":{"start":{"line":47,"column":8},"end":{"line":47,"column":43}},"36":{"start":{"line":50,"column":8},"end":{"line":50,"column":21}},"37":{"start":{"line":52,"column":4},"end":{"line":55,"column":5}},"38":{"start":{"line":54,"column":8},"end":{"line":54,"column":21}},"39":{"start":{"line":56,"column":17},"end":{"line":56,"column":43}},"40":{"start":{"line":57,"column":4},"end":{"line":57,"column":18}},"41":{"start":{"line":59,"column":0},"end":{"line":59,"column":38}},"42":{"start":{"line":61,"column":4},"end":{"line":63,"column":5}},"43":{"start":{"line":62,"column":8},"end":{"line":62,"column":18}},"44":{"start":{"line":64,"column":4},"end":{"line":64,"column":43}},"45":{"start":{"line":66,"column":0},"end":{"line":66,"column":46}},"46":{"start":{"line":68,"column":4},"end":{"line":70,"column":5}},"47":{"start":{"line":69,"column":8},"end":{"line":69,"column":20}},"48":{"start":{"line":71,"column":4},"end":{"line":103,"column":5}},"49":{"start":{"line":72,"column":8},"end":{"line":80,"column":9}},"50":{"start":{"line":73,"column":28},"end":{"line":73,"column":62}},"51":{"start":{"line":74,"column":12},"end":{"line":76,"column":13}},"52":{"start":{"line":75,"column":16},"end":{"line":75,"column":72}},"53":{"start":{"line":77,"column":12},"end":{"line":79,"column":13}},"54":{"start":{"line":78,"column":16},"end":{"line":78,"column":29}},"55":{"start":{"line":81,"column":8},"end":{"line":81,"column":20}},"56":{"start":{"line":84,"column":8},"end":{"line":86,"column":9}},"57":{"start":{"line":85,"column":12},"end":{"line":85,"column":24}},"58":{"start":{"line":87,"column":8},"end":{"line":102,"column":9}},"59":{"start":{"line":88,"column":12},"end":{"line":92,"column":13}},"60":{"start":{"line":89,"column":16},"end":{"line":91,"column":17}},"61":{"start":{"line":90,"column":20},"end":{"line":90,"column":33}},"62":{"start":{"line":93,"column":12},"end":{"line":93,"column":24}},"63":{"start":{"line":96,"column":12},"end":{"line":100,"column":13}},"64":{"start":{"line":97,"column":16},"end":{"line":99,"column":17}},"65":{"start":{"line":98,"column":20},"end":{"line":98,"column":33}},"66":{"start":{"line":101,"column":12},"end":{"line":101,"column":24}},"67":{"start":{"line":105,"column":0},"end":{"line":105,"column":42}},"68":{"start":{"line":107,"column":4},"end":{"line":109,"column":5}},"69":{"start":{"line":108,"column":8},"end":{"line":108,"column":20}},"70":{"start":{"line":110,"column":4},"end":{"line":124,"column":5}},"71":{"start":{"line":111,"column":8},"end":{"line":123,"column":9}},"72":{"start":{"line":112,"column":12},"end":{"line":119,"column":13}},"73":{"start":{"line":113,"column":35},"end":{"line":113,"column":47}},"74":{"start":{"line":114,"column":16},"end":{"line":115,"column":58}},"75":{"start":{"line":118,"column":16},"end":{"line":118,"column":29}},"76":{"start":{"line":122,"column":12},"end":{"line":122,"column":25}},"77":{"start":{"line":125,"column":4},"end":{"line":127,"column":5}},"78":{"start":{"line":126,"column":8},"end":{"line":126,"column":68}},"79":{"start":{"line":128,"column":4},"end":{"line":130,"column":5}},"80":{"start":{"line":129,"column":8},"end":{"line":129,"column":21}},"81":{"start":{"line":131,"column":16},"end":{"line":131,"column":60}},"82":{"start":{"line":132,"column":4},"end":{"line":134,"column":5}},"83":{"start":{"line":133,"column":8},"end":{"line":133,"column":21}},"84":{"start":{"line":135,"column":4},"end":{"line":137,"column":5}},"85":{"start":{"line":136,"column":8},"end":{"line":136,"column":42}},"86":{"start":{"line":138,"column":4},"end":{"line":157,"column":5}},"87":{"start":{"line":139,"column":8},"end":{"line":156,"column":9}},"88":{"start":{"line":140,"column":12},"end":{"line":152,"column":13}},"89":{"start":{"line":141,"column":16},"end":{"line":146,"column":17}},"90":{"start":{"line":142,"column":40},"end":{"line":142,"column":81}},"91":{"start":{"line":143,"column":20},"end":{"line":145,"column":21}},"92":{"start":{"line":144,"column":24},"end":{"line":144,"column":37}},"93":{"start":{"line":147,"column":16},"end":{"line":147,"column":28}},"94":{"start":{"line":150,"column":31},"end":{"line":150,"column":48}},"95":{"start":{"line":151,"column":16},"end":{"line":151,"column":50}},"96":{"start":{"line":155,"column":12},"end":{"line":155,"column":25}},"97":{"start":{"line":158,"column":4},"end":{"line":158,"column":17}},"98":{"start":{"line":160,"column":0},"end":{"line":160,"column":50}},"99":{"start":{"line":162,"column":16},"end":{"line":162,"column":25}},"100":{"start":{"line":163,"column":4},"end":{"line":165,"column":5}},"101":{"start":{"line":164,"column":8},"end":{"line":164,"column":21}},"102":{"start":{"line":166,"column":4},"end":{"line":172,"column":5}},"103":{"start":{"line":167,"column":8},"end":{"line":171,"column":9}},"104":{"start":{"line":168,"column":12},"end":{"line":170,"column":13}},"105":{"start":{"line":169,"column":16},"end":{"line":169,"column":29}},"106":{"start":{"line":173,"column":4},"end":{"line":179,"column":5}},"107":{"start":{"line":174,"column":8},"end":{"line":178,"column":9}},"108":{"start":{"line":175,"column":12},"end":{"line":177,"column":13}},"109":{"start":{"line":176,"column":16},"end":{"line":176,"column":29}},"110":{"start":{"line":180,"column":4},"end":{"line":186,"column":5}},"111":{"start":{"line":181,"column":8},"end":{"line":185,"column":9}},"112":{"start":{"line":182,"column":12},"end":{"line":184,"column":13}},"113":{"start":{"line":183,"column":16},"end":{"line":183,"column":29}},"114":{"start":{"line":187,"column":4},"end":{"line":187,"column":109}},"115":{"start":{"line":190,"column":4},"end":{"line":190,"column":66}},"116":{"start":{"line":192,"column":0},"end":{"line":192,"column":46}},"117":{"start":{"line":194,"column":4},"end":{"line":196,"column":5}},"118":{"start":{"line":195,"column":8},"end":{"line":195,"column":21}},"119":{"start":{"line":197,"column":16},"end":{"line":197,"column":60}},"120":{"start":{"line":198,"column":4},"end":{"line":200,"column":5}},"121":{"start":{"line":199,"column":8},"end":{"line":199,"column":21}},"122":{"start":{"line":201,"column":4},"end":{"line":203,"column":5}},"123":{"start":{"line":202,"column":8},"end":{"line":202,"column":20}},"124":{"start":{"line":204,"column":4},"end":{"line":204,"column":17}},"125":{"start":{"line":206,"column":0},"end":{"line":206,"column":44}},"126":{"start":{"line":208,"column":4},"end":{"line":210,"column":5}},"127":{"start":{"line":209,"column":8},"end":{"line":209,"column":21}},"128":{"start":{"line":211,"column":16},"end":{"line":211,"column":60}},"129":{"start":{"line":212,"column":4},"end":{"line":214,"column":5}},"130":{"start":{"line":213,"column":8},"end":{"line":213,"column":21}},"131":{"start":{"line":215,"column":4},"end":{"line":217,"column":5}},"132":{"start":{"line":216,"column":8},"end":{"line":216,"column":20}},"133":{"start":{"line":218,"column":4},"end":{"line":218,"column":17}},"134":{"start":{"line":220,"column":0},"end":{"line":220,"column":44}}},"fnMap":{"0":{"name":"validateQuery","decl":{"start":{"line":14,"column":9},"end":{"line":14,"column":22}},"loc":{"start":{"line":14,"column":30},"end":{"line":58,"column":1}},"line":14},"1":{"name":"retrieveIdFromKey","decl":{"start":{"line":60,"column":9},"end":{"line":60,"column":26}},"loc":{"start":{"line":60,"column":32},"end":{"line":65,"column":1}},"line":60},"2":{"name":"validateAllKeys","decl":{"start":{"line":67,"column":9},"end":{"line":67,"column":24}},"loc":{"start":{"line":67,"column":35},"end":{"line":104,"column":1}},"line":67},"3":{"name":"validateKeyAndValue","decl":{"start":{"line":106,"column":9},"end":{"line":106,"column":28}},"loc":{"start":{"line":106,"column":44},"end":{"line":159,"column":1}},"line":106},"4":{"name":"helperValidateMSComparisonAndNegation","decl":{"start":{"line":161,"column":9},"end":{"line":161,"column":46}},"loc":{"start":{"line":161,"column":62},"end":{"line":188,"column":1}},"line":161},"5":{"name":"validateMSKeyOnly","decl":{"start":{"line":189,"column":9},"end":{"line":189,"column":26}},"loc":{"start":{"line":189,"column":36},"end":{"line":191,"column":1}},"line":189},"6":{"name":"validateMKeyOnly","decl":{"start":{"line":193,"column":9},"end":{"line":193,"column":25}},"loc":{"start":{"line":193,"column":35},"end":{"line":205,"column":1}},"line":193},"7":{"name":"validateSKeyOnly","decl":{"start":{"line":207,"column":9},"end":{"line":207,"column":25}},"loc":{"start":{"line":207,"column":35},"end":{"line":219,"column":1}},"line":207}},"branchMap":{"0":{"loc":{"start":{"line":15,"column":4},"end":{"line":17,"column":5}},"type":"if","locations":[{"start":{"line":15,"column":4},"end":{"line":17,"column":5}},{"start":{"line":15,"column":4},"end":{"line":17,"column":5}}],"line":15},"1":{"loc":{"start":{"line":20,"column":4},"end":{"line":22,"column":5}},"type":"if","locations":[{"start":{"line":20,"column":4},"end":{"line":22,"column":5}},{"start":{"line":20,"column":4},"end":{"line":22,"column":5}}],"line":20},"2":{"loc":{"start":{"line":23,"column":4},"end":{"line":34,"column":5}},"type":"if","locations":[{"start":{"line":23,"column":4},"end":{"line":34,"column":5}},{"start":{"line":23,"column":4},"end":{"line":34,"column":5}}],"line":23},"3":{"loc":{"start":{"line":24,"column":8},"end":{"line":33,"column":9}},"type":"if","locations":[{"start":{"line":24,"column":8},"end":{"line":33,"column":9}},{"start":{"line":24,"column":8},"end":{"line":33,"column":9}}],"line":24},"4":{"loc":{"start":{"line":24,"column":12},"end":{"line":24,"column":92}},"type":"binary-expr","locations":[{"start":{"line":24,"column":12},"end":{"line":24,"column":47}},{"start":{"line":24,"column":51},"end":{"line":24,"column":92}}],"line":24},"5":{"loc":{"start":{"line":27,"column":12},"end":{"line":29,"column":13}},"type":"if","locations":[{"start":{"line":27,"column":12},"end":{"line":29,"column":13}},{"start":{"line":27,"column":12},"end":{"line":29,"column":13}}],"line":27},"6":{"loc":{"start":{"line":36,"column":4},"end":{"line":38,"column":5}},"type":"if","locations":[{"start":{"line":36,"column":4},"end":{"line":38,"column":5}},{"start":{"line":36,"column":4},"end":{"line":38,"column":5}}],"line":36},"7":{"loc":{"start":{"line":39,"column":4},"end":{"line":51,"column":5}},"type":"if","locations":[{"start":{"line":39,"column":4},"end":{"line":51,"column":5}},{"start":{"line":39,"column":4},"end":{"line":51,"column":5}}],"line":39},"8":{"loc":{"start":{"line":39,"column":8},"end":{"line":39,"column":92}},"type":"binary-expr","locations":[{"start":{"line":39,"column":8},"end":{"line":39,"column":48}},{"start":{"line":39,"column":52},"end":{"line":39,"column":92}}],"line":39},"9":{"loc":{"start":{"line":44,"column":9},"end":{"line":51,"column":5}},"type":"if","locations":[{"start":{"line":44,"column":9},"end":{"line":51,"column":5}},{"start":{"line":44,"column":9},"end":{"line":51,"column":5}}],"line":44},"10":{"loc":{"start":{"line":44,"column":13},"end":{"line":44,"column":91}},"type":"binary-expr","locations":[{"start":{"line":44,"column":13},"end":{"line":44,"column":50}},{"start":{"line":44,"column":54},"end":{"line":44,"column":91}}],"line":44},"11":{"loc":{"start":{"line":52,"column":4},"end":{"line":55,"column":5}},"type":"if","locations":[{"start":{"line":52,"column":4},"end":{"line":55,"column":5}},{"start":{"line":52,"column":4},"end":{"line":55,"column":5}}],"line":52},"12":{"loc":{"start":{"line":52,"column":8},"end":{"line":53,"column":68}},"type":"binary-expr","locations":[{"start":{"line":52,"column":8},"end":{"line":52,"column":74}},{"start":{"line":52,"column":78},"end":{"line":52,"column":137}},{"start":{"line":53,"column":11},"end":{"line":53,"column":68}}],"line":52},"13":{"loc":{"start":{"line":61,"column":4},"end":{"line":63,"column":5}},"type":"if","locations":[{"start":{"line":61,"column":4},"end":{"line":63,"column":5}},{"start":{"line":61,"column":4},"end":{"line":63,"column":5}}],"line":61},"14":{"loc":{"start":{"line":68,"column":4},"end":{"line":70,"column":5}},"type":"if","locations":[{"start":{"line":68,"column":4},"end":{"line":70,"column":5}},{"start":{"line":68,"column":4},"end":{"line":70,"column":5}}],"line":68},"15":{"loc":{"start":{"line":68,"column":8},"end":{"line":68,"column":59}},"type":"binary-expr","locations":[{"start":{"line":68,"column":8},"end":{"line":68,"column":29}},{"start":{"line":68,"column":33},"end":{"line":68,"column":59}}],"line":68},"16":{"loc":{"start":{"line":71,"column":4},"end":{"line":103,"column":5}},"type":"if","locations":[{"start":{"line":71,"column":4},"end":{"line":103,"column":5}},{"start":{"line":71,"column":4},"end":{"line":103,"column":5}}],"line":71},"17":{"loc":{"start":{"line":74,"column":12},"end":{"line":76,"column":13}},"type":"if","locations":[{"start":{"line":74,"column":12},"end":{"line":76,"column":13}},{"start":{"line":74,"column":12},"end":{"line":76,"column":13}}],"line":74},"18":{"loc":{"start":{"line":75,"column":28},"end":{"line":75,"column":71}},"type":"binary-expr","locations":[{"start":{"line":75,"column":28},"end":{"line":75,"column":37}},{"start":{"line":75,"column":41},"end":{"line":75,"column":71}}],"line":75},"19":{"loc":{"start":{"line":77,"column":12},"end":{"line":79,"column":13}},"type":"if","locations":[{"start":{"line":77,"column":12},"end":{"line":79,"column":13}},{"start":{"line":77,"column":12},"end":{"line":79,"column":13}}],"line":77},"20":{"loc":{"start":{"line":84,"column":8},"end":{"line":86,"column":9}},"type":"if","locations":[{"start":{"line":84,"column":8},"end":{"line":86,"column":9}},{"start":{"line":84,"column":8},"end":{"line":86,"column":9}}],"line":84},"21":{"loc":{"start":{"line":87,"column":8},"end":{"line":102,"column":9}},"type":"if","locations":[{"start":{"line":87,"column":8},"end":{"line":102,"column":9}},{"start":{"line":87,"column":8},"end":{"line":102,"column":9}}],"line":87},"22":{"loc":{"start":{"line":89,"column":16},"end":{"line":91,"column":17}},"type":"if","locations":[{"start":{"line":89,"column":16},"end":{"line":91,"column":17}},{"start":{"line":89,"column":16},"end":{"line":91,"column":17}}],"line":89},"23":{"loc":{"start":{"line":97,"column":16},"end":{"line":99,"column":17}},"type":"if","locations":[{"start":{"line":97,"column":16},"end":{"line":99,"column":17}},{"start":{"line":97,"column":16},"end":{"line":99,"column":17}}],"line":97},"24":{"loc":{"start":{"line":107,"column":4},"end":{"line":109,"column":5}},"type":"if","locations":[{"start":{"line":107,"column":4},"end":{"line":109,"column":5}},{"start":{"line":107,"column":4},"end":{"line":109,"column":5}}],"line":107},"25":{"loc":{"start":{"line":107,"column":8},"end":{"line":107,"column":84}},"type":"binary-expr","locations":[{"start":{"line":107,"column":8},"end":{"line":107,"column":23}},{"start":{"line":107,"column":27},"end":{"line":107,"column":44}},{"start":{"line":107,"column":48},"end":{"line":107,"column":65}},{"start":{"line":107,"column":69},"end":{"line":107,"column":84}}],"line":107},"26":{"loc":{"start":{"line":110,"column":4},"end":{"line":124,"column":5}},"type":"if","locations":[{"start":{"line":110,"column":4},"end":{"line":124,"column":5}},{"start":{"line":110,"column":4},"end":{"line":124,"column":5}}],"line":110},"27":{"loc":{"start":{"line":110,"column":8},"end":{"line":110,"column":37}},"type":"binary-expr","locations":[{"start":{"line":110,"column":8},"end":{"line":110,"column":21}},{"start":{"line":110,"column":25},"end":{"line":110,"column":37}}],"line":110},"28":{"loc":{"start":{"line":111,"column":8},"end":{"line":123,"column":9}},"type":"if","locations":[{"start":{"line":111,"column":8},"end":{"line":123,"column":9}},{"start":{"line":111,"column":8},"end":{"line":123,"column":9}}],"line":111},"29":{"loc":{"start":{"line":112,"column":12},"end":{"line":119,"column":13}},"type":"if","locations":[{"start":{"line":112,"column":12},"end":{"line":119,"column":13}},{"start":{"line":112,"column":12},"end":{"line":119,"column":13}}],"line":112},"30":{"loc":{"start":{"line":114,"column":23},"end":{"line":115,"column":57}},"type":"binary-expr","locations":[{"start":{"line":114,"column":23},"end":{"line":114,"column":60}},{"start":{"line":114,"column":64},"end":{"line":114,"column":103}},{"start":{"line":115,"column":23},"end":{"line":115,"column":57}}],"line":114},"31":{"loc":{"start":{"line":125,"column":4},"end":{"line":127,"column":5}},"type":"if","locations":[{"start":{"line":125,"column":4},"end":{"line":127,"column":5}},{"start":{"line":125,"column":4},"end":{"line":127,"column":5}}],"line":125},"32":{"loc":{"start":{"line":128,"column":4},"end":{"line":130,"column":5}},"type":"if","locations":[{"start":{"line":128,"column":4},"end":{"line":130,"column":5}},{"start":{"line":128,"column":4},"end":{"line":130,"column":5}}],"line":128},"33":{"loc":{"start":{"line":132,"column":4},"end":{"line":134,"column":5}},"type":"if","locations":[{"start":{"line":132,"column":4},"end":{"line":134,"column":5}},{"start":{"line":132,"column":4},"end":{"line":134,"column":5}}],"line":132},"34":{"loc":{"start":{"line":135,"column":4},"end":{"line":137,"column":5}},"type":"if","locations":[{"start":{"line":135,"column":4},"end":{"line":137,"column":5}},{"start":{"line":135,"column":4},"end":{"line":137,"column":5}}],"line":135},"35":{"loc":{"start":{"line":138,"column":4},"end":{"line":157,"column":5}},"type":"if","locations":[{"start":{"line":138,"column":4},"end":{"line":157,"column":5}},{"start":{"line":138,"column":4},"end":{"line":157,"column":5}}],"line":138},"36":{"loc":{"start":{"line":139,"column":8},"end":{"line":156,"column":9}},"type":"if","locations":[{"start":{"line":139,"column":8},"end":{"line":156,"column":9}},{"start":{"line":139,"column":8},"end":{"line":156,"column":9}}],"line":139},"37":{"loc":{"start":{"line":140,"column":12},"end":{"line":152,"column":13}},"type":"if","locations":[{"start":{"line":140,"column":12},"end":{"line":152,"column":13}},{"start":{"line":140,"column":12},"end":{"line":152,"column":13}}],"line":140},"38":{"loc":{"start":{"line":141,"column":16},"end":{"line":146,"column":17}},"type":"if","locations":[{"start":{"line":141,"column":16},"end":{"line":146,"column":17}},{"start":{"line":141,"column":16},"end":{"line":146,"column":17}}],"line":141},"39":{"loc":{"start":{"line":143,"column":20},"end":{"line":145,"column":21}},"type":"if","locations":[{"start":{"line":143,"column":20},"end":{"line":145,"column":21}},{"start":{"line":143,"column":20},"end":{"line":145,"column":21}}],"line":143},"40":{"loc":{"start":{"line":163,"column":4},"end":{"line":165,"column":5}},"type":"if","locations":[{"start":{"line":163,"column":4},"end":{"line":165,"column":5}},{"start":{"line":163,"column":4},"end":{"line":165,"column":5}}],"line":163},"41":{"loc":{"start":{"line":163,"column":8},"end":{"line":163,"column":72}},"type":"binary-expr","locations":[{"start":{"line":163,"column":8},"end":{"line":163,"column":39}},{"start":{"line":163,"column":43},"end":{"line":163,"column":72}}],"line":163},"42":{"loc":{"start":{"line":166,"column":4},"end":{"line":172,"column":5}},"type":"if","locations":[{"start":{"line":166,"column":4},"end":{"line":172,"column":5}},{"start":{"line":166,"column":4},"end":{"line":172,"column":5}}],"line":166},"43":{"loc":{"start":{"line":168,"column":12},"end":{"line":170,"column":13}},"type":"if","locations":[{"start":{"line":168,"column":12},"end":{"line":170,"column":13}},{"start":{"line":168,"column":12},"end":{"line":170,"column":13}}],"line":168},"44":{"loc":{"start":{"line":173,"column":4},"end":{"line":179,"column":5}},"type":"if","locations":[{"start":{"line":173,"column":4},"end":{"line":179,"column":5}},{"start":{"line":173,"column":4},"end":{"line":179,"column":5}}],"line":173},"45":{"loc":{"start":{"line":173,"column":8},"end":{"line":173,"column":52}},"type":"binary-expr","locations":[{"start":{"line":173,"column":8},"end":{"line":173,"column":20}},{"start":{"line":173,"column":24},"end":{"line":173,"column":36}},{"start":{"line":173,"column":40},"end":{"line":173,"column":52}}],"line":173},"46":{"loc":{"start":{"line":175,"column":12},"end":{"line":177,"column":13}},"type":"if","locations":[{"start":{"line":175,"column":12},"end":{"line":177,"column":13}},{"start":{"line":175,"column":12},"end":{"line":177,"column":13}}],"line":175},"47":{"loc":{"start":{"line":180,"column":4},"end":{"line":186,"column":5}},"type":"if","locations":[{"start":{"line":180,"column":4},"end":{"line":186,"column":5}},{"start":{"line":180,"column":4},"end":{"line":186,"column":5}}],"line":180},"48":{"loc":{"start":{"line":182,"column":12},"end":{"line":184,"column":13}},"type":"if","locations":[{"start":{"line":182,"column":12},"end":{"line":184,"column":13}},{"start":{"line":182,"column":12},"end":{"line":184,"column":13}}],"line":182},"49":{"loc":{"start":{"line":187,"column":11},"end":{"line":187,"column":108}},"type":"binary-expr","locations":[{"start":{"line":187,"column":11},"end":{"line":187,"column":41}},{"start":{"line":187,"column":45},"end":{"line":187,"column":77}},{"start":{"line":187,"column":81},"end":{"line":187,"column":108}}],"line":187},"50":{"loc":{"start":{"line":190,"column":11},"end":{"line":190,"column":65}},"type":"binary-expr","locations":[{"start":{"line":190,"column":11},"end":{"line":190,"column":36}},{"start":{"line":190,"column":40},"end":{"line":190,"column":65}}],"line":190},"51":{"loc":{"start":{"line":194,"column":4},"end":{"line":196,"column":5}},"type":"if","locations":[{"start":{"line":194,"column":4},"end":{"line":196,"column":5}},{"start":{"line":194,"column":4},"end":{"line":196,"column":5}}],"line":194},"52":{"loc":{"start":{"line":198,"column":4},"end":{"line":200,"column":5}},"type":"if","locations":[{"start":{"line":198,"column":4},"end":{"line":200,"column":5}},{"start":{"line":198,"column":4},"end":{"line":200,"column":5}}],"line":198},"53":{"loc":{"start":{"line":201,"column":4},"end":{"line":203,"column":5}},"type":"if","locations":[{"start":{"line":201,"column":4},"end":{"line":203,"column":5}},{"start":{"line":201,"column":4},"end":{"line":203,"column":5}}],"line":201},"54":{"loc":{"start":{"line":208,"column":4},"end":{"line":210,"column":5}},"type":"if","locations":[{"start":{"line":208,"column":4},"end":{"line":210,"column":5}},{"start":{"line":208,"column":4},"end":{"line":210,"column":5}}],"line":208},"55":{"loc":{"start":{"line":212,"column":4},"end":{"line":214,"column":5}},"type":"if","locations":[{"start":{"line":212,"column":4},"end":{"line":214,"column":5}},{"start":{"line":212,"column":4},"end":{"line":214,"column":5}}],"line":212},"56":{"loc":{"start":{"line":215,"column":4},"end":{"line":217,"column":5}},"type":"if","locations":[{"start":{"line":215,"column":4},"end":{"line":217,"column":5}},{"start":{"line":215,"column":4},"end":{"line":217,"column":5}}],"line":215}},"s":{"0":1,"1":1,"2":1,"3":1,"4":1,"5":1,"6":1,"7":1,"8":1,"9":1,"10":1,"11":1,"12":167,"13":11,"14":156,"15":156,"16":156,"17":2,"18":154,"19":0,"20":0,"21":0,"22":0,"23":0,"24":0,"25":154,"26":154,"27":0,"28":154,"29":125,"30":125,"31":125,"32":29,"33":28,"34":28,"35":28,"36":1,"37":153,"38":29,"39":124,"40":124,"41":1,"42":1164,"43":4,"44":1160,"45":1,"46":733,"47":125,"48":608,"49":523,"50":606,"51":606,"52":534,"53":606,"54":204,"55":319,"56":85,"57":0,"58":85,"59":52,"60":126,"61":8,"62":44,"63":33,"64":75,"65":6,"66":27,"67":1,"68":606,"69":260,"70":346,"71":37,"72":35,"73":33,"74":33,"75":2,"76":2,"77":309,"78":180,"79":129,"80":2,"81":127,"82":127,"83":0,"84":127,"85":81,"86":46,"87":46,"88":37,"89":33,"90":30,"91":30,"92":6,"93":27,"94":4,"95":4,"96":9,"97":0,"98":1,"99":180,"100":180,"101":15,"102":165,"103":52,"104":52,"105":6,"106":159,"107":91,"108":91,"109":10,"110":149,"111":22,"112":22,"113":1,"114":148,"115":435,"116":1,"117":545,"118":21,"119":524,"120":524,"121":0,"122":524,"123":249,"124":275,"125":1,"126":334,"127":22,"128":312,"129":312,"130":0,"131":312,"132":305,"133":7,"134":1},"f":{"0":167,"1":1164,"2":733,"3":606,"4":180,"5":435,"6":545,"7":334},"b":{"0":[11,156],"1":[2,154],"2":[0,154],"3":[0,0],"4":[0,0],"5":[0,0],"6":[0,154],"7":[125,29],"8":[154,151],"9":[28,1],"10":[29,29],"11":[29,124],"12":[153,137,133],"13":[4,1160],"14":[125,608],"15":[733,671],"16":[523,85],"17":[534,72],"18":[534,534],"19":[204,402],"20":[0,85],"21":[52,33],"22":[8,118],"23":[6,69],"24":[260,346],"25":[606,482,430,378],"26":[37,309],"27":[346,317],"28":[35,2],"29":[33,2],"30":[33,33,33],"31":[180,129],"32":[2,127],"33":[0,127],"34":[81,46],"35":[46,0],"36":[37,9],"37":[33,4],"38":[30,3],"39":[6,24],"40":[15,165],"41":[180,169],"42":[52,113],"43":[6,46],"44":[91,68],"45":[159,134,83],"46":[10,81],"47":[22,127],"48":[1,21],"49":[148,148,148],"50":[435,282],"51":[21,524],"52":[0,524],"53":[249,275],"54":[22,312],"55":[0,312],"56":[305,7]},"inputSourceMap":{"version":3,"file":"QueryValidateLibrary.js","sourceRoot":"","sources":["QueryValidateLibrary.ts"],"names":[],"mappings":";;AAEA,iEAAiH;AAEjH,IAAI,WAAW,GAAa,EAAE,CAAC;AAC/B,IAAI,WAAW,GAAa,EAAE,CAAC;AAC/B,IAAI,qBAAqB,GAAa,EAAE,CAAC;AACzC,MAAM,aAAa,GAAa,CAAE,KAAK,EAAE,MAAM,EAAE,MAAM,EAAE,OAAO,EAAE,MAAM,CAAE,CAAC;AAC3E,MAAM,aAAa,GAAa,CAAE,MAAM,EAAE,IAAI,EAAE,YAAY,EAAE,OAAO,EAAE,MAAM,CAAE,CAAC;AAChF,MAAM,uBAAuB,GAAa,CAAC,MAAM,EAAE,YAAY,EAAE,OAAO,CAAC,CAAC;AAC1E,MAAM,UAAU,GAAa,CAAE,KAAK,EAAE,KAAK,EAAE,OAAO,CAAE,CAAC;AACvD,MAAM,UAAU,GAAa,CAAE,UAAU,EAAE,WAAW,EAAE,QAAQ,EAAE,MAAM,EAAE,SAAS,EAAE,MAAM,EAAE,WAAW,EAAE,MAAM,CAAE,CAAC;AACnH,MAAM,qBAAqB,GAAa,CAAC,IAAI,EAAE,IAAI,EAAE,IAAI,EAAE,KAAK,EAAE,IAAI,CAAC,CAAC;AACxE,MAAM,cAAc,GAAa,CAAC,IAAI,EAAE,IAAI,EAAE,IAAI,EAAE,KAAK,EAAE,IAAI,EAAE,KAAK,EAAE,IAAI,CAAC,CAAC;AAE9E,SAAgB,aAAa,CAAC,KAAU;IAEpC,IAAI,wCAAiB,CAAC,KAAK,CAAC,KAAK,KAAK,EAAE;QACpC,OAAO,KAAK,CAAC;KAChB;IAED,IAAI,cAAc,GAAW,KAAK,CAAC,OAAO,CAAC,OAAO,CAAC,CAAC,CAAC,CAAC;IACtD,IAAI,EAAE,GAAW,iBAAiB,CAAC,cAAc,CAAC,CAAC;IACnD,IAAI,EAAE,CAAC,MAAM,KAAK,CAAC,EAAE;QACjB,OAAO,KAAK,CAAC;KAChB;IACD,IAAI,EAAE,KAAK,cAAc,EAAE;QAGvB,IAAI,KAAK,CAAC,eAAe,KAAK,SAAS,IAAI,KAAK,CAAC,eAAe,CAAC,KAAK,KAAK,SAAS,EAAE;YAClF,cAAc,GAAG,KAAK,CAAC,eAAe,CAAC,KAAK,CAAC,CAAC,CAAC,CAAC;YAChD,EAAE,GAAG,iBAAiB,CAAC,cAAc,CAAC,CAAC;YACvC,IAAI,EAAE,KAAK,cAAc,EAAE;gBACvB,OAAO,KAAK,CAAC;aAChB;SACJ;aAAM;YACH,OAAO,KAAK,CAAC;SAChB;KACJ;IAED,IAAI,gBAAgB,GAAW,cAAc,CAAC,MAAM,CAAC,cAAc,CAAC,OAAO,CAAC,GAAG,CAAC,GAAG,CAAC,EAAE,cAAc,CAAC,MAAM,CAAC,CAAC;IAC7G,IAAI,gBAAgB,CAAC,MAAM,KAAK,CAAC,EAAE;QAC/B,OAAO,KAAK,CAAC;KAChB;IACD,IAAI,aAAa,CAAC,QAAQ,CAAC,gBAAgB,CAAC,IAAI,aAAa,CAAC,QAAQ,CAAC,gBAAgB,CAAC,EAAE;QACtF,WAAW,GAAG,aAAa,CAAC;QAC5B,WAAW,GAAG,aAAa,CAAC;QAC5B,qBAAqB,GAAG,uBAAuB,CAAC;KACnD;SAAM,IAAI,UAAU,CAAC,QAAQ,CAAC,gBAAgB,CAAC,IAAI,UAAU,CAAC,QAAQ,CAAC,gBAAgB,CAAC,EAAE;QACvF,WAAW,GAAG,UAAU,CAAC;QACzB,WAAW,GAAG,UAAU,CAAC;QACzB,qBAAqB,GAAG,UAAU,CAAC;KACtC;SAAM;QACH,OAAO,KAAK,CAAC;KAChB;IAED,IAAI,6CAAsB,CAAC,KAAK,EAAE,EAAE,CAAC,KAAK,KAAK,IAAI,sCAAe,CAAC,KAAK,EAAE,EAAE,CAAC,KAAK,KAAK;WAChF,oCAAa,CAAC,KAAK,EAAE,EAAE,CAAC,KAAK,KAAK,EAAE;QACvC,OAAO,KAAK,CAAC;KAChB;IAED,IAAI,MAAM,GAAa,eAAe,CAAC,KAAK,EAAE,EAAE,CAAC,CAAC;IAClD,OAAO,MAAM,CAAC;AAClB,CAAC;AAhDD,sCAgDC;AAED,SAAgB,iBAAiB,CAAC,GAAW;IACzC,IAAI,MAAM,CAAC,QAAQ,CAAC,MAAM,CAAC,GAAG,CAAC,CAAC,EAAE;QAC9B,OAAO,EAAE,CAAC;KACb;IACD,OAAO,GAAG,CAAC,MAAM,CAAC,CAAC,EAAE,GAAG,CAAC,OAAO,CAAC,GAAG,CAAC,CAAC,CAAC;AAC3C,CAAC;AALD,8CAKC;AAGD,SAAgB,eAAe,CAAC,IAAS,EAAE,EAAU;IAEjD,IAAI,MAAM,CAAC,QAAQ,CAAC,IAAI,CAAC,IAAI,OAAM,CAAC,IAAI,CAAC,KAAK,QAAQ,EAAE;QACpD,OAAO,IAAI,CAAC;KACf;IACD,IAAI,KAAK,CAAC,OAAO,CAAC,IAAI,CAAC,KAAK,KAAK,EAAE;QAE/B,KAAK,IAAI,GAAG,IAAI,MAAM,CAAC,IAAI,CAAC,IAAI,CAAC,EAAE;YAC/B,IAAI,SAAS,GAAY,mBAAmB,CAAC,GAAG,EAAE,IAAI,EAAE,EAAE,CAAC,CAAC;YAC5D,IAAI,SAAS,EAAE;gBACX,SAAS,GAAG,SAAS,IAAI,eAAe,CAAC,IAAI,CAAC,GAAG,CAAC,EAAE,EAAE,CAAC,CAAC;aAC3D;YAED,IAAI,SAAS,KAAK,KAAK,EAAE;gBACrB,OAAO,KAAK,CAAC;aAChB;SACJ;QACD,OAAO,IAAI,CAAC;KACf;SAAM;QAEH,IAAI,IAAI,CAAC,MAAM,KAAK,CAAC,EAAE;YACnB,OAAO,IAAI,CAAC;SACf;QACD,IAAI,OAAO,IAAI,CAAC,CAAC,CAAC,KAAK,QAAQ,EAAE;YAE7B,KAAK,IAAI,GAAG,IAAI,IAAI,EAAE;gBAClB,IAAI,iBAAiB,CAAC,GAAG,EAAE,EAAE,CAAC,KAAK,KAAK,EAAE;oBACtC,OAAO,KAAK,CAAC;iBAChB;aACJ;YACD,OAAO,IAAI,CAAC;SACf;aAAM;YAEH,KAAK,IAAI,GAAG,IAAI,IAAI,EAAE;gBAClB,IAAI,eAAe,CAAC,GAAG,EAAE,EAAE,CAAC,KAAK,KAAK,EAAE;oBACpC,OAAO,KAAK,CAAC;iBAChB;aACJ;YACD,OAAO,IAAI,CAAC;SACf;KACJ;AACL,CAAC;AAzCD,0CAyCC;AAOD,SAAgB,mBAAmB,CAAC,GAAW,EAAE,IAAS,EAAE,EAAU;IAClE,IAAI,GAAG,KAAK,OAAO,IAAI,GAAG,KAAK,SAAS,IAAI,GAAG,KAAK,SAAS,IAAI,GAAG,KAAK,OAAO,EAAE;QAC9E,OAAO,IAAI,CAAC;KACf;IAED,IAAI,GAAG,KAAK,KAAK,IAAI,GAAG,KAAK,IAAI,EAAE;QAE/B,IAAI,KAAK,CAAC,OAAO,CAAC,IAAI,CAAC,GAAG,CAAC,CAAC,EAAE;YAC1B,IAAI,IAAI,CAAC,GAAG,CAAC,CAAC,MAAM,GAAG,CAAC,EAAE;gBACtB,IAAI,YAAY,GAAG,IAAI,CAAC,GAAG,CAAC,CAAC,CAAC,CAAC,CAAC;gBAChC,OAAO,KAAK,CAAC,OAAO,CAAC,YAAY,CAAC,KAAK,KAAK,IAAI,MAAM,CAAC,QAAQ,CAAC,YAAY,CAAC,KAAK,KAAK;uBAChF,OAAM,CAAC,YAAY,CAAC,KAAK,QAAQ,CAAC;aAC5C;iBAAM;gBACH,OAAO,KAAK,CAAC;aAChB;SACJ;aAAM;YACH,OAAO,KAAK,CAAC;SAChB;KACJ;IAED,IAAI,qBAAqB,CAAC,QAAQ,CAAC,GAAG,CAAC,EAAE;QACrC,OAAO,qCAAqC,CAAC,GAAG,EAAE,IAAI,EAAE,EAAE,CAAC,CAAC;KAC/D;IAED,IAAI,iBAAiB,CAAC,GAAG,CAAC,KAAK,EAAE,EAAE;QAC/B,OAAO,KAAK,CAAC;KAChB;IAED,IAAI,KAAK,GAAW,GAAG,CAAC,MAAM,CAAC,GAAG,CAAC,OAAO,CAAC,GAAG,CAAC,GAAG,CAAC,EAAE,GAAG,CAAC,MAAM,CAAC,CAAC;IACjE,IAAI,KAAK,CAAC,MAAM,KAAK,CAAC,EAAE;QACpB,OAAO,KAAK,CAAC;KAChB;IAED,IAAI,WAAW,CAAC,QAAQ,CAAC,KAAK,CAAC,EAAE;QAE7B,OAAO,MAAM,CAAC,QAAQ,CAAC,IAAI,CAAC,GAAG,CAAC,CAAC,CAAC;KACrC;IACD,IAAI,WAAW,CAAC,QAAQ,CAAC,KAAK,CAAC,EAAE;QAE7B,IAAI,OAAO,IAAI,CAAC,GAAG,CAAC,KAAK,QAAQ,EAAE;YAC/B,IAAI,qBAAqB,CAAC,QAAQ,CAAC,KAAK,CAAC,EAAE;gBAEvC,IAAI,IAAI,CAAC,GAAG,CAAC,CAAC,MAAM,GAAG,CAAC,EAAE;oBACtB,IAAI,aAAa,GAAW,IAAI,CAAC,GAAG,CAAC,CAAC,MAAM,CAAC,CAAC,EAAE,IAAI,CAAC,GAAG,CAAC,CAAC,MAAM,GAAG,CAAC,CAAC,CAAC;oBACtE,IAAI,aAAa,CAAC,QAAQ,CAAC,GAAG,CAAC,EAAE;wBAC7B,OAAO,KAAK,CAAC;qBAChB;iBACJ;gBACD,OAAO,IAAI,CAAC;aACf;iBAAM;gBAEH,IAAI,QAAQ,GAAW,MAAM,CAAC,IAAI,CAAC,GAAG,CAAC,CAAC,CAAC;gBACzC,OAAO,MAAM,CAAC,SAAS,CAAC,QAAQ,CAAC,CAAC;aACrC;SACJ;aAAM;YACH,OAAO,KAAK,CAAC;SAChB;KACJ;IAED,OAAO,KAAK,CAAC;AACjB,CAAC;AA5DD,kDA4DC;AAGD,SAAS,qCAAqC,CAAC,GAAW,EAAE,IAAS,EAAE,EAAU;IAE7E,IAAI,KAAK,GAAG,IAAI,CAAC,GAAG,CAAC,CAAC;IACtB,IAAI,MAAM,CAAC,IAAI,CAAC,KAAK,CAAC,CAAC,MAAM,KAAK,CAAC,IAAI,MAAM,CAAC,IAAI,CAAC,KAAK,CAAC,CAAC,MAAM,GAAG,CAAC,EAAE;QAClE,OAAO,KAAK,CAAC;KAChB;IACD,IAAI,GAAG,KAAK,IAAI,EAAE;QACd,KAAK,IAAI,QAAQ,IAAI,MAAM,CAAC,IAAI,CAAC,KAAK,CAAC,EAAE;YACrC,IAAI,gBAAgB,CAAC,QAAQ,EAAE,EAAE,CAAC,KAAK,KAAK,EAAE;gBAC1C,OAAO,KAAK,CAAC;aAChB;SACJ;KACJ;IACD,IAAI,GAAG,KAAK,IAAI,IAAI,GAAG,KAAK,IAAI,IAAI,GAAG,KAAK,IAAI,EAAE;QAC9C,KAAK,IAAI,QAAQ,IAAI,MAAM,CAAC,IAAI,CAAC,KAAK,CAAC,EAAE;YACrC,IAAI,gBAAgB,CAAC,QAAQ,EAAE,EAAE,CAAC,KAAK,KAAK,EAAE;gBAC1C,OAAO,KAAK,CAAC;aAChB;SACJ;KACJ;IACD,IAAI,GAAG,KAAK,KAAK,EAAE;QACf,KAAK,IAAI,QAAQ,IAAI,MAAM,CAAC,IAAI,CAAC,KAAK,CAAC,EAAE;YACrC,IAAI,CAAC,cAAc,CAAC,QAAQ,CAAC,QAAQ,CAAC,CAAC,KAAK,KAAK,EAAE;gBAC/C,OAAO,KAAK,CAAC;aAChB;SACJ;KACJ;IACD,OAAO,KAAK,CAAC,OAAO,CAAC,KAAK,CAAC,KAAK,KAAK,IAAI,MAAM,CAAC,QAAQ,CAAC,KAAK,CAAC,KAAK,KAAK,IAAI,OAAM,CAAC,KAAK,CAAC,KAAK,QAAQ,CAAC;AAC5G,CAAC;AAGD,SAAgB,iBAAiB,CAAC,GAAW,EAAE,EAAU;IACrD,OAAO,gBAAgB,CAAC,GAAG,EAAE,EAAE,CAAC,IAAI,gBAAgB,CAAC,GAAG,EAAE,EAAE,CAAC,CAAC;AAClE,CAAC;AAFD,8CAEC;AAGD,SAAgB,gBAAgB,CAAC,GAAW,EAAE,EAAU;IAEpD,IAAI,iBAAiB,CAAC,GAAG,CAAC,KAAK,EAAE,EAAE;QAC/B,OAAO,KAAK,CAAC;KAChB;IAED,IAAI,KAAK,GAAW,GAAG,CAAC,MAAM,CAAC,GAAG,CAAC,OAAO,CAAC,GAAG,CAAC,GAAG,CAAC,EAAE,GAAG,CAAC,MAAM,CAAC,CAAC;IACjE,IAAI,KAAK,CAAC,MAAM,KAAK,CAAC,EAAE;QACpB,OAAO,KAAK,CAAC;KAChB;IAED,IAAI,WAAW,CAAC,QAAQ,CAAC,KAAK,CAAC,EAAE;QAC7B,OAAO,IAAI,CAAC;KACf;IACD,OAAO,KAAK,CAAC;AACjB,CAAC;AAfD,4CAeC;AAGD,SAAgB,gBAAgB,CAAC,GAAW,EAAE,EAAU;IACpD,IAAI,iBAAiB,CAAC,GAAG,CAAC,KAAK,EAAE,EAAE;QAC/B,OAAO,KAAK,CAAC;KAChB;IACD,IAAI,KAAK,GAAW,GAAG,CAAC,MAAM,CAAC,GAAG,CAAC,OAAO,CAAC,GAAG,CAAC,GAAG,CAAC,EAAE,GAAG,CAAC,MAAM,CAAC,CAAC;IACjE,IAAI,KAAK,CAAC,MAAM,KAAK,CAAC,EAAE;QACpB,OAAO,KAAK,CAAC;KAChB;IAED,IAAI,WAAW,CAAC,QAAQ,CAAC,KAAK,CAAC,EAAE;QAC7B,OAAO,IAAI,CAAC;KACf;IACD,OAAO,KAAK,CAAC;AACjB,CAAC;AAbD,4CAaC"},"_coverageSchema":"1a1c01bbd47fc00a2c39e90264f33305004495a9","hash":"735dab1ad8e02566c2ce603f89ddd717daec7b1c","contentHash":"49b8482dca6ba706c9ea77bce360bc5da7bbe62c66f060f6f9e7bde7c2d65ff9"},"C:\\Dev\\project_team175\\src\\QueryValidateHelpers.js":{"path":"C:\\Dev\\project_team175\\src\\QueryValidateHelpers.js","statementMap":{"0":{"start":{"line":2,"column":0},"end":{"line":2,"column":62}},"1":{"start":{"line":3,"column":31},"end":{"line":3,"column":64}},"2":{"start":{"line":4,"column":16},"end":{"line":4,"column":18}},"3":{"start":{"line":5,"column":23},"end":{"line":5,"column":60}},"4":{"start":{"line":7,"column":4},"end":{"line":7,"column":19}},"5":{"start":{"line":8,"column":4},"end":{"line":54,"column":5}},"6":{"start":{"line":9,"column":8},"end":{"line":11,"column":9}},"7":{"start":{"line":10,"column":12},"end":{"line":10,"column":25}},"8":{"start":{"line":12,"column":8},"end":{"line":14,"column":9}},"9":{"start":{"line":13,"column":12},"end":{"line":13,"column":25}},"10":{"start":{"line":15,"column":8},"end":{"line":19,"column":9}},"11":{"start":{"line":16,"column":12},"end":{"line":18,"column":13}},"12":{"start":{"line":17,"column":16},"end":{"line":17,"column":29}},"13":{"start":{"line":20,"column":8},"end":{"line":53,"column":9}},"14":{"start":{"line":21,"column":23},"end":{"line":21,"column":40}},"15":{"start":{"line":22,"column":12},"end":{"line":24,"column":13}},"16":{"start":{"line":23,"column":16},"end":{"line":23,"column":29}},"17":{"start":{"line":25,"column":12},"end":{"line":27,"column":13}},"18":{"start":{"line":26,"column":16},"end":{"line":26,"column":29}},"19":{"start":{"line":28,"column":12},"end":{"line":30,"column":13}},"20":{"start":{"line":29,"column":16},"end":{"line":29,"column":29}},"21":{"start":{"line":31,"column":12},"end":{"line":31,"column":36}},"22":{"start":{"line":32,"column":31},"end":{"line":32,"column":57}},"23":{"start":{"line":33,"column":12},"end":{"line":35,"column":13}},"24":{"start":{"line":34,"column":16},"end":{"line":34,"column":29}},"25":{"start":{"line":36,"column":12},"end":{"line":38,"column":13}},"26":{"start":{"line":37,"column":16},"end":{"line":37,"column":29}},"27":{"start":{"line":39,"column":26},"end":{"line":39,"column":56}},"28":{"start":{"line":40,"column":12},"end":{"line":42,"column":13}},"29":{"start":{"line":41,"column":16},"end":{"line":41,"column":29}},"30":{"start":{"line":43,"column":12},"end":{"line":52,"column":13}},"31":{"start":{"line":44,"column":16},"end":{"line":46,"column":17}},"32":{"start":{"line":45,"column":20},"end":{"line":45,"column":33}},"33":{"start":{"line":49,"column":16},"end":{"line":51,"column":17}},"34":{"start":{"line":50,"column":20},"end":{"line":50,"column":33}},"35":{"start":{"line":55,"column":4},"end":{"line":55,"column":16}},"36":{"start":{"line":57,"column":0},"end":{"line":57,"column":56}},"37":{"start":{"line":59,"column":4},"end":{"line":61,"column":5}},"38":{"start":{"line":60,"column":8},"end":{"line":60,"column":21}},"39":{"start":{"line":62,"column":4},"end":{"line":64,"column":5}},"40":{"start":{"line":63,"column":8},"end":{"line":63,"column":21}},"41":{"start":{"line":65,"column":4},"end":{"line":67,"column":5}},"42":{"start":{"line":66,"column":8},"end":{"line":66,"column":21}},"43":{"start":{"line":68,"column":4},"end":{"line":70,"column":5}},"44":{"start":{"line":69,"column":8},"end":{"line":69,"column":21}},"45":{"start":{"line":71,"column":4},"end":{"line":73,"column":5}},"46":{"start":{"line":72,"column":8},"end":{"line":72,"column":21}},"47":{"start":{"line":75,"column":0},"end":{"line":75,"column":46}},"48":{"start":{"line":77,"column":4},"end":{"line":96,"column":5}},"49":{"start":{"line":78,"column":8},"end":{"line":95,"column":9}},"50":{"start":{"line":79,"column":12},"end":{"line":86,"column":13}},"51":{"start":{"line":80,"column":16},"end":{"line":82,"column":17}},"52":{"start":{"line":81,"column":20},"end":{"line":81,"column":33}},"53":{"start":{"line":85,"column":16},"end":{"line":85,"column":29}},"54":{"start":{"line":88,"column":13},"end":{"line":95,"column":9}},"55":{"start":{"line":89,"column":12},"end":{"line":91,"column":13}},"56":{"start":{"line":90,"column":16},"end":{"line":90,"column":29}},"57":{"start":{"line":92,"column":12},"end":{"line":94,"column":13}},"58":{"start":{"line":93,"column":16},"end":{"line":93,"column":29}},"59":{"start":{"line":98,"column":0},"end":{"line":98,"column":42}},"60":{"start":{"line":100,"column":4},"end":{"line":102,"column":5}},"61":{"start":{"line":101,"column":8},"end":{"line":101,"column":21}},"62":{"start":{"line":103,"column":4},"end":{"line":105,"column":5}},"63":{"start":{"line":104,"column":8},"end":{"line":104,"column":21}},"64":{"start":{"line":106,"column":4},"end":{"line":108,"column":5}},"65":{"start":{"line":107,"column":8},"end":{"line":107,"column":21}},"66":{"start":{"line":109,"column":4},"end":{"line":131,"column":5}},"67":{"start":{"line":110,"column":8},"end":{"line":130,"column":9}},"68":{"start":{"line":111,"column":12},"end":{"line":113,"column":13}},"69":{"start":{"line":112,"column":16},"end":{"line":112,"column":29}},"70":{"start":{"line":116,"column":12},"end":{"line":118,"column":13}},"71":{"start":{"line":117,"column":16},"end":{"line":117,"column":29}},"72":{"start":{"line":119,"column":12},"end":{"line":121,"column":13}},"73":{"start":{"line":120,"column":16},"end":{"line":120,"column":29}},"74":{"start":{"line":122,"column":12},"end":{"line":124,"column":13}},"75":{"start":{"line":123,"column":16},"end":{"line":123,"column":29}},"76":{"start":{"line":125,"column":12},"end":{"line":129,"column":13}},"77":{"start":{"line":126,"column":16},"end":{"line":128,"column":17}},"78":{"start":{"line":127,"column":20},"end":{"line":127,"column":33}},"79":{"start":{"line":132,"column":4},"end":{"line":132,"column":16}},"80":{"start":{"line":134,"column":0},"end":{"line":134,"column":38}}},"fnMap":{"0":{"name":"validateTransformation","decl":{"start":{"line":6,"column":9},"end":{"line":6,"column":31}},"loc":{"start":{"line":6,"column":43},"end":{"line":56,"column":1}},"line":6},"1":{"name":"validateStructure","decl":{"start":{"line":58,"column":9},"end":{"line":58,"column":26}},"loc":{"start":{"line":58,"column":34},"end":{"line":74,"column":1}},"line":58},"2":{"name":"validateColumns","decl":{"start":{"line":76,"column":9},"end":{"line":76,"column":24}},"loc":{"start":{"line":76,"column":36},"end":{"line":97,"column":1}},"line":76},"3":{"name":"validateOrder","decl":{"start":{"line":99,"column":9},"end":{"line":99,"column":22}},"loc":{"start":{"line":99,"column":34},"end":{"line":133,"column":1}},"line":99}},"branchMap":{"0":{"loc":{"start":{"line":8,"column":4},"end":{"line":54,"column":5}},"type":"if","locations":[{"start":{"line":8,"column":4},"end":{"line":54,"column":5}},{"start":{"line":8,"column":4},"end":{"line":54,"column":5}}],"line":8},"1":{"loc":{"start":{"line":9,"column":8},"end":{"line":11,"column":9}},"type":"if","locations":[{"start":{"line":9,"column":8},"end":{"line":11,"column":9}},{"start":{"line":9,"column":8},"end":{"line":11,"column":9}}],"line":9},"2":{"loc":{"start":{"line":9,"column":12},"end":{"line":9,"column":95}},"type":"binary-expr","locations":[{"start":{"line":9,"column":12},"end":{"line":9,"column":53}},{"start":{"line":9,"column":57},"end":{"line":9,"column":95}}],"line":9},"3":{"loc":{"start":{"line":12,"column":8},"end":{"line":14,"column":9}},"type":"if","locations":[{"start":{"line":12,"column":8},"end":{"line":14,"column":9}},{"start":{"line":12,"column":8},"end":{"line":14,"column":9}}],"line":12},"4":{"loc":{"start":{"line":12,"column":12},"end":{"line":12,"column":95}},"type":"binary-expr","locations":[{"start":{"line":12,"column":12},"end":{"line":12,"column":53}},{"start":{"line":12,"column":57},"end":{"line":12,"column":95}}],"line":12},"5":{"loc":{"start":{"line":16,"column":12},"end":{"line":18,"column":13}},"type":"if","locations":[{"start":{"line":16,"column":12},"end":{"line":18,"column":13}},{"start":{"line":16,"column":12},"end":{"line":18,"column":13}}],"line":16},"6":{"loc":{"start":{"line":22,"column":12},"end":{"line":24,"column":13}},"type":"if","locations":[{"start":{"line":22,"column":12},"end":{"line":24,"column":13}},{"start":{"line":22,"column":12},"end":{"line":24,"column":13}}],"line":22},"
[...]
:{"line":172,"column":65}},"104":{"start":{"line":173,"column":8},"end":{"line":173,"column":106}},"105":{"start":{"line":174,"column":8},"end":{"line":174,"column":44}},"106":{"start":{"line":176,"column":4},"end":{"line":180,"column":5}},"107":{"start":{"line":177,"column":8},"end":{"line":177,"column":65}},"108":{"start":{"line":178,"column":8},"end":{"line":178,"column":67}},"109":{"start":{"line":179,"column":8},"end":{"line":179,"column":44}},"110":{"start":{"line":181,"column":4},"end":{"line":181,"column":40}},"111":{"start":{"line":184,"column":24},"end":{"line":184,"column":43}},"112":{"start":{"line":185,"column":20},"end":{"line":185,"column":94}},"113":{"start":{"line":186,"column":18},"end":{"line":186,"column":33}},"114":{"start":{"line":187,"column":21},"end":{"line":187,"column":39}},"115":{"start":{"line":188,"column":21},"end":{"line":188,"column":37}},"116":{"start":{"line":189,"column":4},"end":{"line":189,"column":35}},"117":{"start":{"line":192,"column":24},"end":{"line":192,"column":43}},"118":{"start":{"line":193,"column":20},"end":{"line":193,"column":94}},"119":{"start":{"line":194,"column":18},"end":{"line":194,"column":33}},"120":{"start":{"line":195,"column":21},"end":{"line":195,"column":39}},"121":{"start":{"line":196,"column":21},"end":{"line":196,"column":37}},"122":{"start":{"line":197,"column":4},"end":{"line":197,"column":35}},"123":{"start":{"line":200,"column":24},"end":{"line":200,"column":43}},"124":{"start":{"line":201,"column":20},"end":{"line":201,"column":94}},"125":{"start":{"line":202,"column":18},"end":{"line":202,"column":33}},"126":{"start":{"line":203,"column":21},"end":{"line":203,"column":39}},"127":{"start":{"line":204,"column":21},"end":{"line":204,"column":37}},"128":{"start":{"line":205,"column":4},"end":{"line":205,"column":59}},"129":{"start":{"line":209,"column":4},"end":{"line":213,"column":5}},"130":{"start":{"line":210,"column":8},"end":{"line":212,"column":9}},"131":{"start":{"line":211,"column":12},"end":{"line":211,"column":25}},"132":{"start":{"line":214,"column":4},"end":{"line":214,"column":16}},"133":{"start":{"line":218,"column":4},"end":{"line":222,"column":5}},"134":{"start":{"line":219,"column":8},"end":{"line":221,"column":9}},"135":{"start":{"line":220,"column":12},"end":{"line":220,"column":24}},"136":{"start":{"line":223,"column":4},"end":{"line":223,"column":17}}},"fnMap":{"0":{"name":"(anonymous_0)","decl":{"start":{"line":5,"column":1},"end":{"line":5,"column":2}},"loc":{"start":{"line":5,"column":17},"end":{"line":16,"column":1}},"line":5},"1":{"name":"performQueryAfterValidation","decl":{"start":{"line":17,"column":9},"end":{"line":17,"column":36}},"loc":{"start":{"line":17,"column":54},"end":{"line":54,"column":1}},"line":17},"2":{"name":"getSectionObjectToReturn","decl":{"start":{"line":56,"column":9},"end":{"line":56,"column":33}},"loc":{"start":{"line":56,"column":68},"end":{"line":106,"column":1}},"line":56},"3":{"name":"insertSectionToReturnArray","decl":{"start":{"line":107,"column":9},"end":{"line":107,"column":35}},"loc":{"start":{"line":107,"column":65},"end":{"line":123,"column":1}},"line":107},"4":{"name":"shouldAdd","decl":{"start":{"line":124,"column":9},"end":{"line":124,"column":18}},"loc":{"start":{"line":124,"column":35},"end":{"line":129,"column":1}},"line":124},"5":{"name":"shouldAddHelper","decl":{"start":{"line":130,"column":9},"end":{"line":130,"column":24}},"loc":{"start":{"line":130,"column":44},"end":{"line":157,"column":1}},"line":130},"6":{"name":"queryISHelper","decl":{"start":{"line":158,"column":9},"end":{"line":158,"column":22}},"loc":{"start":{"line":158,"column":37},"end":{"line":182,"column":1}},"line":158},"7":{"name":"queryLTHelper","decl":{"start":{"line":183,"column":9},"end":{"line":183,"column":22}},"loc":{"start":{"line":183,"column":37},"end":{"line":190,"column":1}},"line":183},"8":{"name":"queryGTHelper","decl":{"start":{"line":191,"column":9},"end":{"line":191,"column":22}},"loc":{"start":{"line":191,"column":37},"end":{"line":198,"column":1}},"line":191},"9":{"name":"queryEQHelper","decl":{"start":{"line":199,"column":9},"end":{"line":199,"column":22}},"loc":{"start":{"line":199,"column":37},"end":{"line":206,"column":1}},"line":199},"10":{"name":"queryANDHelper","decl":{"start":{"line":207,"column":9},"end":{"line":207,"column":23}},"loc":{"start":{"line":207,"column":40},"end":{"line":215,"column":1}},"line":207},"11":{"name":"queryORHelper","decl":{"start":{"line":216,"column":9},"end":{"line":216,"column":22}},"loc":{"start":{"line":216,"column":39},"end":{"line":224,"column":1}},"line":216}},"branchMap":{"0":{"loc":{"start":{"line":16,"column":3},"end":{"line":16,"column":22}},"type":"binary-expr","locations":[{"start":{"line":16,"column":3},"end":{"line":16,"column":7}},{"start":{"line":16,"column":12},"end":{"line":16,"column":21}}],"line":16},"1":{"loc":{"start":{"line":23,"column":8},"end":{"line":25,"column":9}},"type":"if","locations":[{"start":{"line":23,"column":8},"end":{"line":25,"column":9}},{"start":{"line":23,"column":8},"end":{"line":25,"column":9}}],"line":23},"2":{"loc":{"start":{"line":27,"column":4},"end":{"line":29,"column":5}},"type":"if","locations":[{"start":{"line":27,"column":4},"end":{"line":29,"column":5}},{"start":{"line":27,"column":4},"end":{"line":29,"column":5}}],"line":27},"3":{"loc":{"start":{"line":31,"column":4},"end":{"line":33,"column":5}},"type":"if","locations":[{"start":{"line":31,"column":4},"end":{"line":33,"column":5}},{"start":{"line":31,"column":4},"end":{"line":33,"column":5}}],"line":31},"4":{"loc":{"start":{"line":45,"column":8},"end":{"line":51,"column":9}},"type":"if","locations":[{"start":{"line":45,"column":8},"end":{"line":51,"column":9}},{"start":{"line":45,"column":8},"end":{"line":51,"column":9}}],"line":45},"5":{"loc":{"start":{"line":48,"column":12},"end":{"line":50,"column":13}},"type":"if","locations":[{"start":{"line":48,"column":12},"end":{"line":50,"column":13}},{"start":{"line":48,"column":12},"end":{"line":50,"column":13}}],"line":48},"6":{"loc":{"start":{"line":61,"column":8},"end":{"line":102,"column":9}},"type":"switch","locations":[{"start":{"line":62,"column":12},"end":{"line":65,"column":13}},{"start":{"line":66,"column":12},"end":{"line":69,"column":13}},{"start":{"line":70,"column":12},"end":{"line":73,"column":13}},{"start":{"line":74,"column":12},"end":{"line":77,"column":13}},{"start":{"line":78,"column":12},"end":{"line":81,"column":13}},{"start":{"line":82,"column":12},"end":{"line":85,"column":13}},{"start":{"line":86,"column":12},"end":{"line":89,"column":13}},{"start":{"line":90,"column":12},"end":{"line":93,"column":13}},{"start":{"line":94,"column":12},"end":{"line":97,"column":13}},{"start":{"line":98,"column":12},"end":{"line":101,"column":13}}],"line":61},"7":{"loc":{"start":{"line":103,"column":25},"end":{"line":103,"column":118}},"type":"cond-expr","locations":[{"start":{"line":103,"column":49},"end":{"line":103,"column":66}},{"start":{"line":103,"column":70},"end":{"line":103,"column":117}}],"line":103},"8":{"loc":{"start":{"line":103,"column":70},"end":{"line":103,"column":117}},"type":"cond-expr","locations":[{"start":{"line":103,"column":94},"end":{"line":103,"column":108}},{"start":{"line":103,"column":111},"end":{"line":103,"column":117}}],"line":103},"9":{"loc":{"start":{"line":108,"column":4},"end":{"line":121,"column":5}},"type":"if","locations":[{"start":{"line":108,"column":4},"end":{"line":121,"column":5}},{"start":{"line":108,"column":4},"end":{"line":121,"column":5}}],"line":108},"10":{"loc":{"start":{"line":112,"column":12},"end":{"line":115,"column":13}},"type":"if","locations":[{"start":{"line":112,"column":12},"end":{"line":115,"column":13}},{"start":{"line":112,"column":12},"end":{"line":115,"column":13}}],"line":112},"11":{"loc":{"start":{"line":125,"column":4},"end":{"line":127,"column":5}},"type":"if","locations":[{"start":{"line":125,"column":4},"end":{"line":127,"column":5}},{"start":{"line":125,"column":4},"end":{"line":127,"column":5}}],"line":125},"12":{"loc":{"start":{"line":133,"column":4},"end":{"line":155,"column":5}},"type":"switch","locations":[{"start":{"line":134,"column":8},"end":{"line":136,"column":9}},{"start":{"line":137,"column":8},"end":{"line":139,"column":9}},{"start":{"line":140,"column":8},"end":{"line":142,"column":9}},{"start":{"line":143,"column":8},"end":{"line":145,"column":9}},{"start":{"line":146,"column":8},"end":{"line":148,"column":9}},{"start":{"line":149,"column":8},"end":{"line":151,"column":9}},{"start":{"line":152,"column":8},"end":{"line":154,"column":9}}],"line":133},"13":{"loc":{"start":{"line":167,"column":4},"end":{"line":170,"column":5}},"type":"if","locations":[{"start":{"line":167,"column":4},"end":{"line":170,"column":5}},{"start":{"line":167,"column":4},"end":{"line":170,"column":5}}],"line":167},"14":{"loc":{"start":{"line":167,"column":8},"end":{"line":167,"column":42}},"type":"binary-expr","locations":[{"start":{"line":167,"column":8},"end":{"line":167,"column":24}},{"start":{"line":167,"column":28},"end":{"line":167,"column":42}}],"line":167},"15":{"loc":{"start":{"line":171,"column":4},"end":{"line":175,"column":5}},"type":"if","locations":[{"start":{"line":171,"column":4},"end":{"line":175,"column":5}},{"start":{"line":171,"column":4},"end":{"line":175,"column":5}}],"line":171},"16":{"loc":{"start":{"line":176,"column":4},"end":{"line":180,"column":5}},"type":"if","locations":[{"start":{"line":176,"column":4},"end":{"line":180,"column":5}},{"start":{"line":176,"column":4},"end":{"line":180,"column":5}}],"line":176},"17":{"loc":{"start":{"line":210,"column":8},"end":{"line":212,"column":9}},"type":"if","locations":[{"start":{"line":210,"column":8},"end":{"line":212,"column":9}},{"start":{"line":210,"column":8},"end":{"line":212,"column":9}}],"line":210},"18":{"loc":{"start":{"line":219,"column":8},"end":{"line":221,"column":9}},"type":"if","locations":[{"start":{"line":219,"column":8},"end":{"line":221,"column":9}},{"start":{"line":219,"column":8},"end":{"line":221,"column":9}}],"line":219}},"s":{"0":1,"1":1,"2":1,"3":1,"4":1,"5":1,"6":1,"7":1,"8":1,"9":1,"10":1,"11":1,"12":1,"13":43,"14":43,"15":43,"16":43,"17":43,"18":43,"19":43,"20":0,"21":43,"22":43,"23":31,"24":43,"25":43,"26":108,"27":108,"28":108,"29":108,"30":43,"31":43,"32":2310597,"33":2310597,"34":2310597,"35":43329,"36":43329,"37":43329,"38":8,"39":35,"40":1,"41":43329,"42":43329,"43":92156,"44":92156,"45":92156,"46":42673,"47":42673,"48":5107,"49":5107,"50":847,"51":847,"52":128,"53":128,"54":76,"55":76,"56":43094,"57":43094,"58":57,"59":57,"60":57,"61":57,"62":57,"63":57,"64":60,"65":60,"66":92156,"67":43329,"68":43329,"69":43027,"70":54984328,"71":54984328,"72":42893,"73":42893,"74":134,"75":302,"76":436,"77":2310597,"78":5001,"79":2305596,"80":4359799,"81":4359799,"82":4359799,"83":732237,"84":596610,"85":323718,"86":1330735,"87":327398,"88":912119,"89":136982,"90":0,"91":732237,"92":732237,"93":732237,"94":732237,"95":732237,"96":732237,"97":732237,"98":732237,"99":732237,"100":74614,"101":74614,"102":657623,"103":64615,"104":64615,"105":64615,"106":593008,"107":129224,"108":129224,"109":129224,"110":463784,"111":323718,"112":323718,"113":323718,"114":323718,"115":323718,"116":323718,"117":1330735,"118":1330735,"119":1330735,"120":1330735,"121":1330735,"122":1330735,"123":327398,"124":327398,"125":327398,"126":327398,"127":327398,"128":327398,"129":912119,"130":1235620,"131":911673,"132":446,"133":136982,"134":221973,"135":5265,"136":131717},"f":{"0":1,"1":43,"2":43329,"3":43329,"4":2310597,"5":4359799,"6":732237,"7":323718,"8":1330735,"9":327398,"10":912119,"11":136982},"b":{"0":[1,1],"1":[43,0],"2":[0,43],"3":[31,12],"4":[43329,2267268],"5":[8,43321],"6":[42673,5107,847,128,76,43094,57,57,57,60],"7":[76,92080],"8":[60,92020],"9":[43027,302],"10":[42893,54941435],"11":[5001,2305596],"12":[732237,596610,323718,1330735,327398,912119,136982],"13":[74614,657623],"14":[732237,139229],"15":[64615,593008],"16":[129224,463784],"17":[911673,323947],"18":[5265,216708]},"inputSourceMap":{"version":3,"file":"QueryPerformLibrary.js","sourceRoot":"","sources":["QueryPerformLibrary.ts"],"names":[],"mappings":";;AACA,gEAAkG;AAGlG,IAAK,IAWJ;AAXD,WAAK,IAAI;IACL,wBAAgB,CAAA;IAChB,qBAAa,CAAA;IACb,gCAAwB,CAAA;IACxB,uBAAe,CAAA;IACf,mBAAW,CAAA;IACX,mBAAW,CAAA;IACX,qBAAa,CAAA;IACb,qBAAa,CAAA;IACb,uBAAe,CAAA;IACf,qBAAa,CAAA;AACjB,CAAC,EAXI,IAAI,KAAJ,IAAI,QAWR;AAED,SAAgB,2BAA2B,CAAC,KAAU,EAAE,QAAmB;IACvE,IAAI,iBAAiB,GAAW,KAAK,CAAC,OAAO,CAAC,OAAO,CAAC,CAAC,CAAC,CAAC;IACzD,IAAI,SAAS,GAAW,iBAAiB,CAAC,MAAM,CAAC,CAAC,EAAE,iBAAiB,CAAC,OAAO,CAAC,GAAG,CAAC,CAAC,CAAC;IAGpF,IAAI,OAAO,GACL,EAAE,EAAE,EAAE,EAAE,EAAE,QAAQ,EAAE,EAAE,EAAE,KAAK,EAAE,EAAE,EAAE,IAAI,EAAE,mCAAkB,CAAC,OAAO,EAAC,CAAC;IAC3E,IAAI,CAAC,CAAC;IACN,KAAK,CAAC,GAAG,CAAC,EAAE,CAAC,GAAG,QAAQ,CAAC,MAAM,EAAE,EAAE,CAAC,EAAE;QAClC,IAAI,QAAQ,CAAC,CAAC,CAAC,CAAC,EAAE,KAAK,SAAS,EAAE;YAC9B,OAAO,GAAG,QAAQ,CAAC,CAAC,CAAC,CAAC;SACzB;KACJ;IAGD,IAAI,OAAO,CAAC,EAAE,CAAC,MAAM,IAAI,CAAC,EAAE;QACxB,OAAO,OAAO,CAAC,MAAM,CAAC,IAAI,6BAAY,EAAE,CAAC,CAAC;KAC7C;IAED,IAAI,QAAQ,GAAW,EAAE,CAAC;IAE1B,IAAI,OAAO,IAAI,KAAK,CAAC,OAAO,EAAE;QAC1B,QAAQ,GAAG,KAAK,CAAC,OAAO,CAAC,KAAK,CAAC;KAClC;IAED,IAAI,YAAY,GAAW,EAAE,CAAC;IAE9B,KAAK,CAAC,GAAG,CAAC,EAAE,CAAC,GAAG,KAAK,CAAC,OAAO,CAAC,OAAO,CAAC,MAAM,EAAE,EAAE,CAAC,EAAE;QAC/C,IAAI,SAAS,GAAW,KAAK,CAAC,OAAO,CAAC,OAAO,CAAC,CAAC,CAAC,CAAC;QACjD,SAAS,GAAG,SAAS,CAAC,MAAM,CAAC,SAAS,CAAC,OAAO,CAAC,GAAG,CAAC,GAAG,CAAC,EAAE,SAAS,CAAC,MAAM,CAAC,CAAC;QAC3E,IAAI,OAAO,GAAU,IAAY,CAAC,SAAS,CAAC,CAAC;QAC7C,YAAY,CAAC,IAAI,CAAC,OAAO,CAAC,CAAC;KAC9B;IAED,IAAI,QAAQ,GAAU,EAAE,CAAC;IAEzB,KAAK,CAAC,GAAG,CAAC,EAAE,CAAC,GAAG,OAAO,CAAC,QAAQ,CAAC,MAAM,EAAE,EAAE,CAAC,EAAE;QAC1C,IAAI,KAAK,GAAQ,KAAK,CAAC,KAAK,CAAC;QAC7B,IAAI,OAAO,GAAY,OAAO,CAAC,QAAQ,CAAC,CAAC,CAAC,CAAC;QAG3C,IAAI,SAAS,CAAC,KAAK,EAAE,OAAO,CAAC,EAAE;YAC3B,IAAI,UAAU,GAAQ,wBAAwB,CAAC,SAAS,EAAE,OAAO,EAAE,YAAY,CAAC,CAAC;YACjF,QAAQ,GAAG,0BAA0B,CAAC,UAAU,EAAE,QAAQ,EAAE,QAAQ,CAAC,CAAC;YAEtE,IAAI,QAAQ,CAAC,MAAM,GAAG,IAAI,EAAE;gBACxB,OAAO,OAAO,CAAC,MAAM,CAAC,IAAI,oCAAmB,EAAE,CAAC,CAAC;aACpD;SACJ;KACJ;IAED,OAAO,OAAO,CAAC,OAAO,CAAC,QAAQ,CAAC,CAAC;AACrC,CAAC;AApDD,kEAoDC;AAGD,SAAS,wBAAwB,CAAC,SAAiB,EAAE,OAAgB,EAAE,YAAoB;IACvF,IAAI,MAAM,GAAQ,EAAE,CAAC;IACrB,KAAK,MAAM,OAAO,IAAI,YAAY,EAAE;QAChC,IAAI,MAAM,GAAG,OAAO,CAAC,OAAO,CAAC,CAAC;QAC9B,IAAI,MAAM,GAAG,SAAS,CAAC;QACvB,QAAQ,OAAO,EAAE;YACb,KAAK,IAAI,CAAC,IAAI,CAAC,CAAC;gBACZ,MAAM,IAAI,OAAO,CAAC;gBAClB,MAAM;aACT;YACD,KAAK,IAAI,CAAC,EAAE,CAAC,CAAC;gBACV,MAAM,IAAI,KAAK,CAAC;gBAChB,MAAM;aACT;YACD,KAAK,IAAI,CAAC,UAAU,CAAC,CAAC;gBAClB,MAAM,IAAI,aAAa,CAAC;gBACxB,MAAM;aACT;YACD,KAAK,IAAI,CAAC,KAAK,CAAC,CAAC;gBACb,MAAM,IAAI,QAAQ,CAAC;gBACnB,MAAM;aACT;YACD,KAAK,IAAI,CAAC,IAAI,CAAC,CAAC;gBACZ,MAAM,IAAI,OAAO,CAAC;gBAClB,MAAM;aACT;YACD,KAAK,IAAI,CAAC,GAAG,CAAC,CAAC;gBACX,MAAM,IAAI,MAAM,CAAC;gBACjB,MAAM;aACT;YACD,KAAK,IAAI,CAAC,IAAI,CAAC,CAAC;gBACZ,MAAM,IAAI,OAAO,CAAC;gBAClB,MAAM;aACT;YACD,KAAK,IAAI,CAAC,IAAI,CAAC,CAAC;gBACZ,MAAM,IAAI,OAAO,CAAC;gBAClB,MAAM;aACT;YACD,KAAK,IAAI,CAAC,KAAK,CAAC,CAAC;gBACb,MAAM,IAAI,QAAQ,CAAC;gBACnB,MAAM;aACT;YACD,KAAK,IAAI,CAAC,IAAI,CAAC,CAAC;gBACZ,MAAM,IAAI,OAAO,CAAC;gBAClB,MAAM;aACT;SACJ;QACD,MAAM,CAAC,MAAM,CAAC,GAAG,OAAO,KAAK,IAAI,CAAC,IAAI,CAAC,CAAC,CAAC,MAAM,CAAC,QAAQ,EAAE,CAAC,CAAC,CAAC,CAAC,OAAO,KAAK,IAAI,CAAC,IAAI,CAAC,CAAC,CAAC,MAAM,CAAC,MAAM,CAAC,CAAC,CAAC,CAAC,MAAM,CAAC,CAAC;KAClH;IACD,OAAO,MAAM,CAAC;AAClB,CAAC;AAGD,SAAS,0BAA0B,CAAC,OAAY,EAAE,QAAe,EAAE,QAAgB;IAC/E,IAAI,QAAQ,KAAK,EAAE,EAAE;QACjB,IAAI,CAAC,CAAC;QACN,KAAK,CAAC,GAAG,CAAC,EAAE,CAAC,GAAG,QAAQ,CAAC,MAAM,EAAE,EAAE,CAAC,EAAE;YAClC,IAAI,GAAG,GAAQ,QAAQ,CAAC,CAAC,CAAC,CAAC;YAC3B,IAAI,OAAO,CAAC,QAAQ,CAAC,GAAG,GAAG,CAAC,QAAQ,CAAC,EAAE;gBACnC,QAAQ,CAAC,MAAM,CAAC,CAAC,EAAE,CAAC,EAAE,OAAO,CAAC,CAAC;gBAC/B,OAAO,QAAQ,CAAC;aACnB;SACJ;QACD,QAAQ,CAAC,IAAI,CAAC,OAAO,CAAC,CAAC;KAC1B;SAAM;QACH,QAAQ,CAAC,IAAI,CAAC,OAAO,CAAC,CAAC;KAC1B;IAED,OAAO,QAAQ,CAAC;AACpB,CAAC;AAKD,SAAS,SAAS,CAAC,KAAU,EAAE,OAAgB;IAE3C,IAAI,MAAM,CAAC,IAAI,CAAC,KAAK,CAAC,CAAC,MAAM,IAAI,CAAC,EAAE;QAChC,OAAO,IAAI,CAAC;KACf;IAED,OAAO,eAAe,CAAC,KAAK,EAAE,OAAO,CAAC,CAAC;AAC3C,CAAC;AAED,SAAS,eAAe,CAAC,QAAa,EAAE,OAAgB;IACpD,IAAI,GAAG,GAAQ,MAAM,CAAC,IAAI,CAAC,QAAQ,CAAC,CAAC,CAAC,CAAC,CAAC;IACxC,IAAI,GAAG,GAAQ,QAAQ,CAAC,GAAG,CAAC,CAAC;IAE7B,QAAQ,GAAG,EAAE;QACT,KAAK,IAAI,CAAC,CAAC;YACP,OAAO,aAAa,CAAC,GAAG,EAAE,OAAO,CAAC,CAAC;SACtC;QACD,KAAK,KAAK,CAAC,CAAC;YACR,OAAO,CAAC,eAAe,CAAC,GAAG,EAAE,OAAO,CAAC,CAAC;SACzC;QACD,KAAK,IAAI,CAAC,CAAC;YACP,OAAO,aAAa,CAAC,GAAG,EAAE,OAAO,CAAC,CAAC;SACtC;QACD,KAAK,IAAI,CAAC,CAAC;YACP,OAAO,aAAa,CAAC,GAAG,EAAE,OAAO,CAAC,CAAC;SACtC;QACD,KAAK,IAAI,CAAC,CAAC;YACP,OAAO,aAAa,CAAC,GAAG,EAAE,OAAO,CAAC,CAAC;SACtC;QACD,KAAK,KAAK,CAAC,CAAC;YACR,OAAO,cAAc,CAAC,GAAG,EAAE,OAAO,CAAC,CAAC;SACvC;QACD,KAAK,IAAI,CAAC,CAAC;YACP,OAAO,aAAa,CAAC,GAAG,EAAE,OAAO,CAAC,CAAC;SACtC;KACJ;IAED,OAAO,IAAI,CAAC;AAChB,CAAC;AAED,SAAS,aAAa,CAAC,GAAQ,EAAE,OAAgB;IAC7C,IAAI,aAAa,GAAW,MAAM,CAAC,IAAI,CAAC,GAAG,CAAC,CAAC,CAAC,CAAC,CAAC;IAChD,IAAI,SAAS,GAAG,aAAa,CAAC,MAAM,CAAC,aAAa,CAAC,OAAO,CAAC,GAAG,CAAC,GAAG,CAAC,EAAE,aAAa,CAAC,MAAM,CAAC,CAAC;IAC3F,IAAI,OAAO,GAAU,IAAY,CAAC,SAAS,CAAC,CAAC;IAC7C,IAAI,UAAU,GAAW,GAAG,CAAC,aAAa,CAAC,CAAC;IAC5C,IAAI,UAAU,GAAkB,OAAO,CAAC,OAAO,CAAC,CAAC;IAEjD,IAAI,aAAa,GAAW,UAAU,CAAC,QAAQ,EAAE,CAAC;IAGlD,IAAI,gBAAgB,GAAG,UAAU,CAAC,MAAM,CAAC,CAAC,CAAC,KAAK,GAAG,CAAC;IACpD,IAAI,cAAc,GAAG,UAAU,CAAC,MAAM,CAAC,UAAU,CAAC,MAAM,GAAG,CAAC,CAAC,KAAK,GAAG,CAAC;IACtE,IAAI,gBAAgB,IAAI,cAAc,EAAE;QACpC,UAAU,GAAG,UAAU,CAAC,MAAM,CAAC,CAAC,EAAE,UAAU,CAAC,MAAM,GAAG,CAAC,CAAC,CAAC;QACzD,OAAO,aAAa,CAAC,QAAQ,CAAC,UAAU,CAAC,CAAC;KAC7C;IACD,IAAI,gBAAgB,EAAE;QAClB,UAAU,GAAG,UAAU,CAAC,MAAM,CAAC,CAAC,EAAE,UAAU,CAAC,MAAM,GAAG,CAAC,CAAC,CAAC;QACzD,aAAa,GAAG,aAAa,CAAC,MAAM,CAAC,aAAa,CAAC,MAAM,GAAG,UAAU,CAAC,MAAM,EAAE,UAAU,CAAC,MAAM,CAAC,CAAC;QAClG,OAAO,aAAa,KAAK,UAAU,CAAC;KACvC;IACD,IAAI,cAAc,EAAE;QAChB,UAAU,GAAG,UAAU,CAAC,MAAM,CAAC,CAAC,EAAE,UAAU,CAAC,MAAM,GAAG,CAAC,CAAC,CAAC;QACzD,aAAa,GAAG,aAAa,CAAC,MAAM,CAAC,CAAC,EAAE,UAAU,CAAC,MAAM,CAAC,CAAC;QAC3D,OAAO,aAAa,KAAK,UAAU,CAAC;KACvC;IAED,OAAO,aAAa,KAAK,UAAU,CAAC;AACxC,CAAC;AAED,SAAS,aAAa,CAAC,GAAQ,EAAE,OAAgB;IAC7C,IAAI,aAAa,GAAW,MAAM,CAAC,IAAI,CAAC,GAAG,CAAC,CAAC,CAAC,CAAC,CAAC;IAChD,IAAI,SAAS,GAAG,aAAa,CAAC,MAAM,CAAC,aAAa,CAAC,OAAO,CAAC,GAAG,CAAC,GAAG,CAAC,EAAE,aAAa,CAAC,MAAM,CAAC,CAAC;IAC3F,IAAI,OAAO,GAAU,IAAY,CAAC,SAAS,CAAC,CAAC;IAC7C,IAAI,UAAU,GAAkB,GAAG,CAAC,aAAa,CAAC,CAAC;IACnD,IAAI,UAAU,GAAkB,OAAO,CAAC,OAAO,CAAC,CAAC;IAEjD,OAAO,UAAU,GAAG,UAAU,CAAC;AACnC,CAAC;AAED,SAAS,aAAa,CAAC,GAAQ,EAAE,OAAgB;IAE7C,IAAI,aAAa,GAAW,MAAM,CAAC,IAAI,CAAC,GAAG,CAAC,CAAC,CAAC,CAAC,CAAC;IAChD,IAAI,SAAS,GAAG,aAAa,CAAC,MAAM,CAAC,aAAa,CAAC,OAAO,CAAC,GAAG,CAAC,GAAG,CAAC,EAAE,aAAa,CAAC,MAAM,CAAC,CAAC;IAC3F,IAAI,OAAO,GAAU,IAAY,CAAC,SAAS,CAAC,CAAC;IAC7C,IAAI,UAAU,GAAkB,GAAG,CAAC,aAAa,CAAC,CAAC;IACnD,IAAI,UAAU,GAAkB,OAAO,CAAC,OAAO,CAAC,CAAC;IAEjD,OAAO,UAAU,GAAG,UAAU,CAAC;AACnC,CAAC;AAED,SAAS,aAAa,CAAC,GAAQ,EAAE,OAAgB;IAE7C,IAAI,aAAa,GAAW,MAAM,CAAC,IAAI,CAAC,GAAG,CAAC,CAAC,CAAC,CAAC,CAAC;IAChD,IAAI,SAAS,GAAG,aAAa,CAAC,MAAM,CAAC,aAAa,CAAC,OAAO,CAAC,GAAG,CAAC,GAAG,CAAC,EAAE,aAAa,CAAC,MAAM,CAAC,CAAC;IAC3F,IAAI,OAAO,GAAU,IAAY,CAAC,SAAS,CAAC,CAAC;IAC7C,IAAI,UAAU,GAAkB,GAAG,CAAC,aAAa,CAAC,CAAC;IACnD,IAAI,UAAU,GAAkB,OAAO,CAAC,OAAO,CAAC,CAAC;IAEjD,OAAO,UAAU,CAAC,QAAQ,EAAE,KAAK,UAAU,CAAC,QAAQ,EAAE,CAAC;AAC3D,CAAC;AAED,SAAS,cAAc,CAAC,KAAU,EAAE,OAAgB;IAGhD,IAAI,CAAC,CAAC;IACN,KAAK,CAAC,GAAG,CAAC,EAAE,CAAC,GAAG,KAAK,CAAC,MAAM,EAAE,EAAE,CAAC,EAAE;QAC/B,IAAI,eAAe,CAAC,KAAK,CAAC,CAAC,CAAC,EAAE,OAAO,CAAC,KAAK,KAAK,EAAE;YAC9C,OAAO,KAAK,CAAC;SAChB;KACJ;IACD,OAAO,IAAI,CAAC;AAChB,CAAC;AAED,SAAS,aAAa,CAAC,KAAU,EAAE,OAAgB;IAC/C,IAAI,CAAC,CAAC;IACN,KAAK,CAAC,GAAG,CAAC,EAAE,CAAC,GAAG,KAAK,CAAC,MAAM,EAAE,EAAE,CAAC,EAAE;QAC/B,IAAI,eAAe,CAAC,KAAK,CAAC,CAAC,CAAC,EAAE,OAAO,CAAC,EAAE;YACpC,OAAO,IAAI,CAAC;SACf;KACJ;IACD,OAAO,KAAK,CAAC;AACjB,CAAC"},"_coverageSchema":"1a1c01bbd47fc00a2c39e90264f33305004495a9","hash":"8cce42b57f0fabd6c12d1f139849365d2485c16f","contentHash":"b303a2c1c05cbc129ca58dad896e5e607d1f2a1cd5a2605648c48cd6352eef7c"}}